#
# A fatal error has been detected by the Java Runtime Environment:
#
#  SIGSEGV (0xb) at pc=0x00000001055387f4, pid=1989, tid=19203
#
# JRE version: Java(TM) SE Runtime Environment (7.0_79-b15) (build 1.7.0_79-b15)
# Java VM: Java HotSpot(TM) 64-Bit Server VM (24.79-b02 mixed mode bsd-amd64 compressed oops)
# Problematic frame:
# V  [libjvm.dylib+0x3387f4]
#
# Failed to write core dump. Core dumps have been disabled. To enable core dumping, try "ulimit -c unlimited" before starting Java again
#
# If you would like to submit a bug report, please visit:
#   http://bugreport.java.com/bugreport/crash.jsp
#

---------------  T H R E A D  ---------------

Current thread (0x00007f819a806000):  JavaThread "JDWP Transport Listener: dt_socket" daemon [_thread_in_vm, id=19203, stack(0x00007000040ae000,0x00007000041ae000)]

siginfo:si_signo=SIGSEGV: si_errno=0, si_code=0 (SEGV0), si_addr=0x0000000000000000

Registers:
RAX=0x0000000000000001, RBX=0x00007000041ada8b, RCX=0x0000000000000000, RDX=0x00007000041ada8b
RSP=0x00007000041ad9f0, RBP=0x00007000041ada40, RSI=0x00007f819a806000, RDI=0x00007f8196f02ae0
R8 =0x0000000000000000, R9 =0x00007f8196d2a9b0, R10=0x0000000000000001, R11=0x0000000000000001
R12=0x00007f819a806000, R13=0xa00007f8196d2aa7, R14=0xa00007f8196d2aa7, R15=0x00007f8196f02ae0
RIP=0x00000001055387f4, EFLAGS=0x0000000000010282, ERR=0x0000000000000000
  TRAPNO=0x000000000000000d

Top of Stack: (sp=0x00007000041ad9f0)
0x00007000041ad9f0:   00007f819a806000 0000000000000000
0x00007000041ada00:   0000000000000000 0000000000000000
0x00007000041ada10:   00007f819a806000 00007f819a806000
0x00007000041ada20:   00007000041ada8b 00007000041ada90
0x00007000041ada30:   a00007f8196d2aa7 0000000000000001
0x00007000041ada40:   00007000041ada60 00000001041a31a8
0x00007000041ada50:   0000000000000001 00007000041adb08
0x00007000041ada60:   00007000041adad0 0000000104187fbb
0x00007000041ada70:   00007000041adaa0 00007f8196d2a900
0x00007000041ada80:   0000000300000032 00000001001adb08
0x00007000041ada90:   0000000000000000 0000000000000000
0x00007000041adaa0:   0000000000000000 00007000041adc90
0x00007000041adab0:   00000001041aadc2 00007f8196e06960
0x00007000041adac0:   00007000041adb08 00000001041b6588
0x00007000041adad0:   00007000041adae0 00000001041880b4
0x00007000041adae0:   00007000041add00 0000000104191642
0x00007000041adaf0:   00000c0900000013 00000000000f0200
0x00007000041adb00:   00007f8196e00ca0 00007000041adb7d
0x00007000041adb10:   00007f8100000107 00007000041adb20
0x00007000041adb20:   00007f8100000025 00007000041adb58
0x00007000041adb30:   0000000000000000 0000000000000000
0x00007000041adb40:   00000c090000000f 00007f8100000b80
0x00007000041adb50:   00007000041adb58 817f000003000000
0x00007000041adb60:   06000000108cc096 00003e74696e693c
0x00007000041adb70:   0000005629280300 0600000100000000
0x00007000041adb80:   0000000027000000 2800000010000000
0x00007000041adb90:   1900000000000000 000000002a000000
0x00007000041adba0:   2b00000020000000 2600000000000000
0x00007000041adbb0:   000000002c000000 2d0000002e000000
0x00007000041adbc0:   3100000000000000 000000002f000000
0x00007000041adbd0:   3100000039000000 4b00000000000000
0x00007000041adbe0:   0000000032000000 1f0000003c000000 

Instructions: (pc=0x00000001055387f4)
0x00000001055387d4:   00 00 00 41 f6 87 68 01 00 00 10 75 07 b8 63 00
0x00000001055387e4:   00 00 eb 7a 4d 85 f6 75 07 b8 17 00 00 00 eb 6e
0x00000001055387f4:   4d 8b 36 48 b8 fe fe fe fe fe fe fe fe 49 39 c6
0x0000000105538804:   74 e7 4d 85 f6 74 e2 48 8d 05 fe 6b 4d 00 80 38 

Register to memory mapping:

RAX=0x0000000000000001 is an unknown value
RBX=0x00007000041ada8b is pointing into the stack for thread: 0x00007f819a806000
RCX=0x0000000000000000 is an unknown value
RDX=0x00007000041ada8b is pointing into the stack for thread: 0x00007f819a806000
RSP=0x00007000041ad9f0 is pointing into the stack for thread: 0x00007f819a806000
RBP=0x00007000041ada40 is pointing into the stack for thread: 0x00007f819a806000
RSI=0x00007f819a806000 is a thread
RDI=0x00007f8196f02ae0 is an unknown value
R8 =0x0000000000000000 is an unknown value
R9 =0x00007f8196d2a9b0 is an unknown value
R10=0x0000000000000001 is an unknown value
R11=0x0000000000000001 is an unknown value
R12=0x00007f819a806000 is a thread
R13=0xa00007f8196d2aa7 is an unknown value
R14=0xa00007f8196d2aa7 is an unknown value
R15=0x00007f8196f02ae0 is an unknown value


Stack: [0x00007000040ae000,0x00007000041ae000],  sp=0x00007000041ad9f0,  free space=1022k
Native frames: (J=compiled Java code, j=interpreted, Vv=VM code, C=native code)
V  [libjvm.dylib+0x3387f4]
C  [libjdwp.dylib+0x201a8]  isMethodSynthetic+0x63
C  [libjdwp.dylib+0x4fbb]  methods1+0x10b
C  [libjdwp.dylib+0x50b4]  methodsWithGeneric+0xe
C  [libjdwp.dylib+0xe642]  debugLoop_run+0x1ce
C  [libjdwp.dylib+0x1f0e2]  attachThread+0x4d
V  [libjvm.dylib+0x37945a]
V  [libjvm.dylib+0x4f759d]
V  [libjvm.dylib+0x4f8ca5]
V  [libjvm.dylib+0x421c4e]
C  [libsystem_pthread.dylib+0x3aab]  _pthread_body+0xb4
C  [libsystem_pthread.dylib+0x39f7]  _pthread_body+0x0
C  [libsystem_pthread.dylib+0x3221]  thread_start+0xd


---------------  P R O C E S S  ---------------

Java Threads: ( => current thread )
  0x00007f8199801000 JavaThread "Service Thread" daemon [_thread_blocked, id=21763, stack(0x00007000045bd000,0x00007000046bd000)]
  0x00007f819a023000 JavaThread "C2 CompilerThread1" daemon [_thread_blocked, id=21251, stack(0x00007000044ba000,0x00007000045ba000)]
  0x00007f8199001800 JavaThread "C2 CompilerThread0" daemon [_thread_blocked, id=20739, stack(0x00007000043b7000,0x00007000044b7000)]
  0x00007f8197803000 JavaThread "JDWP Command Reader" daemon [_thread_in_native, id=20227, stack(0x00007000042b4000,0x00007000043b4000)]
  0x00007f819a807000 JavaThread "JDWP Event Helper Thread" daemon [_thread_blocked, id=19715, stack(0x00007000041b1000,0x00007000042b1000)]
=>0x00007f819a806000 JavaThread "JDWP Transport Listener: dt_socket" daemon [_thread_in_vm, id=19203, stack(0x00007000040ae000,0x00007000041ae000)]
  0x00007f8198044000 JavaThread "Signal Dispatcher" daemon [_thread_blocked, id=18691, stack(0x0000700003fab000,0x00007000040ab000)]
  0x00007f819a013800 JavaThread "Finalizer" daemon [_thread_blocked, id=14595, stack(0x0000700003ea8000,0x0000700003fa8000)]
  0x00007f819a012800 JavaThread "Reference Handler" daemon [_thread_blocked, id=14083, stack(0x0000700003da5000,0x0000700003ea5000)]
  0x00007f8197801800 JavaThread "main" [_thread_blocked, id=7171, stack(0x0000700003387000,0x0000700003487000)]

Other Threads:
  0x00007f8197028800 VMThread [stack: 0x0000700003ca2000,0x0000700003da2000] [id=13571]
  0x00007f8197030000 WatcherThread [stack: 0x00007000046c0000,0x00007000047c0000] [id=22275]

VM state:not at safepoint (normal execution)

VM Mutex/Monitor currently owned by a thread: None

Heap
 PSYoungGen      total 76800K, used 3963K [0x00000007aaa80000, 0x00000007b0000000, 0x0000000800000000)
  eden space 66048K, 6% used [0x00000007aaa80000,0x00000007aae5ec80,0x00000007aeb00000)
  from space 10752K, 0% used [0x00000007af580000,0x00000007af580000,0x00000007b0000000)
  to   space 10752K, 0% used [0x00000007aeb00000,0x00000007aeb00000,0x00000007af580000)
 ParOldGen       total 174592K, used 0K [0x0000000700000000, 0x000000070aa80000, 0x00000007aaa80000)
  object space 174592K, 0% used [0x0000000700000000,0x0000000700000000,0x000000070aa80000)
 PSPermGen       total 21504K, used 2692K [0x00000006fae00000, 0x00000006fc300000, 0x0000000700000000)
  object space 21504K, 12% used [0x00000006fae00000,0x00000006fb0a1300,0x00000006fc300000)

Card table byte_map: [0x0000000105d23000,0x000000010654d000] byte_map_base: 0x000000010254c000

Polling page: 0x0000000104182000

Code Cache  [0x00000001066fe000, 0x000000010696e000, 0x00000001096fe000)
 total_blobs=182 nmethods=9 adapters=136 free_code_cache=48763Kb largest_free_block=49913408

Compilation events (10 events):
Event: 0.081 Thread 0x00007f8199001800    3             sun.nio.cs.UTF_8$Encoder::encode (361 bytes)
Event: 0.082 Thread 0x00007f819a023000    4             java.lang.String::charAt (29 bytes)
Event: 0.082 Thread 0x00007f819a023000 nmethod 4 0x000000010675d510 code [0x000000010675d660, 0x000000010675d758]
Event: 0.091 Thread 0x00007f8199001800 nmethod 3 0x000000010675ea90 code [0x000000010675ec20, 0x000000010675f308]
Event: 0.126 Thread 0x00007f819a023000    5             sun.misc.IoTrace::fileReadBegin (2 bytes)
Event: 0.126 Thread 0x00007f819a023000 nmethod 5 0x000000010675e150 code [0x000000010675e280, 0x000000010675e2b8]
Event: 0.126 Thread 0x00007f819a023000    6             sun.misc.IoTrace::fileReadEnd (1 bytes)
Event: 0.126 Thread 0x00007f819a023000 nmethod 6 0x000000010675fc50 code [0x000000010675fd80, 0x000000010675fdb8]
Event: 0.126 Thread 0x00007f819a023000    8   !         java.io.FileInputStream::read (51 bytes)
Event: 0.127 Thread 0x00007f819a023000 nmethod 8 0x000000010675f990 code [0x000000010675fae0, 0x000000010675fb88]

GC Heap History (0 events):
No events

Deoptimization events (0 events):
No events

Internal exceptions (2 events):
Event: 0.032 Thread 0x00007f8197801800 Threw 0x00000007aaa8f240 at /HUDSON/workspace/7u-2-build-macosx-x86_64/jdk7u79/2331/hotspot/src/share/vm/prims/jni.cpp:3991
Event: 0.075 Thread 0x00007f8197801800 Threw 0x00000007aaaec290 at /HUDSON/workspace/7u-2-build-macosx-x86_64/jdk7u79/2331/hotspot/src/share/vm/prims/jvm.cpp:1304

Events (10 events):
Event: 163.443 Executing VM operation: ChangeBreakpoints
Event: 163.443 Executing VM operation: ChangeBreakpoints done
Event: 163.444 Executing VM operation: RedefineClasses
Event: 163.444 Executing VM operation: RedefineClasses done
Event: 173.816 Executing VM operation: RedefineClasses
Event: 173.816 Executing VM operation: RedefineClasses done
Event: 340.289 Executing VM operation: RedefineClasses
Event: 340.289 Executing VM operation: RedefineClasses done
Event: 406.541 Executing VM operation: RedefineClasses
Event: 406.541 Executing VM operation: RedefineClasses done


Dynamic libraries:
0x0000000053d8d000 	/System/Library/Frameworks/Cocoa.framework/Versions/A/Cocoa
0x0000000053d8d000 	/System/Library/Frameworks/Security.framework/Versions/A/Security
0x0000000053d8d000 	/System/Library/Frameworks/ApplicationServices.framework/Versions/A/ApplicationServices
0x0000000053d8d000 	/usr/lib/libz.1.dylib
0x0000000053d8d000 	/usr/lib/libSystem.B.dylib
0x0000000053d8d000 	/usr/lib/libobjc.A.dylib
0x0000000053d8d000 	/System/Library/Frameworks/CoreFoundation.framework/Versions/A/CoreFoundation
0x0000000053d8d000 	/System/Library/Frameworks/Foundation.framework/Versions/C/Foundation
0x0000000053d8d000 	/System/Library/Frameworks/AppKit.framework/Versions/C/AppKit
0x0000000053d8d000 	/System/Library/Frameworks/CoreData.framework/Versions/A/CoreData
0x0000000053d8d000 	/System/Library/PrivateFrameworks/RemoteViewServices.framework/Versions/A/RemoteViewServices
0x0000000053d8d000 	/System/Library/PrivateFrameworks/UIFoundation.framework/Versions/A/UIFoundation
0x0000000053d8d000 	/usr/lib/libenergytrace.dylib
0x0000000053d8d000 	/System/Library/PrivateFrameworks/SkyLight.framework/Versions/A/SkyLight
0x0000000053d8d000 	/System/Library/Frameworks/CoreGraphics.framework/Versions/A/CoreGraphics
0x0000000053d8d000 	/usr/lib/libScreenReader.dylib
0x0000000053d8d000 	/System/Library/Frameworks/Accelerate.framework/Versions/A/Accelerate
0x0000000053d8d000 	/System/Library/Frameworks/IOSurface.framework/Versions/A/IOSurface
0x0000000053d8d000 	/System/Library/Frameworks/AudioToolbox.framework/Versions/A/AudioToolbox
0x0000000053d8d000 	/System/Library/Frameworks/AudioUnit.framework/Versions/A/AudioUnit
0x0000000053d8d000 	/System/Library/PrivateFrameworks/DataDetectorsCore.framework/Versions/A/DataDetectorsCore
0x0000000053d8d000 	/System/Library/PrivateFrameworks/DesktopServicesPriv.framework/Versions/A/DesktopServicesPriv
0x0000000053d8d000 	/System/Library/Frameworks/Carbon.framework/Versions/A/Frameworks/HIToolbox.framework/Versions/A/HIToolbox
0x0000000053d8d000 	/usr/lib/libicucore.A.dylib
0x0000000053d8d000 	/System/Library/Frameworks/QuartzCore.framework/Versions/A/QuartzCore
0x0000000053d8d000 	/System/Library/Frameworks/Carbon.framework/Versions/A/Frameworks/SpeechRecognition.framework/Versions/A/SpeechRecognition
0x0000000053d8d000 	/usr/lib/libauto.dylib
0x0000000053d8d000 	/usr/lib/libxml2.2.dylib
0x0000000053d8d000 	/System/Library/PrivateFrameworks/CoreUI.framework/Versions/A/CoreUI
0x0000000053d8d000 	/System/Library/Frameworks/CoreAudio.framework/Versions/A/CoreAudio
0x0000000053d8d000 	/System/Library/Frameworks/DiskArbitration.framework/Versions/A/DiskArbitration
0x0000000053d8d000 	/usr/lib/liblangid.dylib
0x0000000053d8d000 	/System/Library/PrivateFrameworks/MultitouchSupport.framework/Versions/A/MultitouchSupport
0x0000000053d8d000 	/System/Library/Frameworks/IOKit.framework/Versions/A/IOKit
0x0000000053d8d000 	/usr/lib/libDiagnosticMessagesClient.dylib
0x0000000053d8d000 	/System/Library/Frameworks/CoreServices.framework/Versions/A/CoreServices
0x0000000053d8d000 	/System/Library/PrivateFrameworks/PerformanceAnalysis.framework/Versions/A/PerformanceAnalysis
0x0000000053d8d000 	/System/Library/PrivateFrameworks/GenerationalStorage.framework/Versions/A/GenerationalStorage
0x0000000053d8d000 	/System/Library/Frameworks/OpenGL.framework/Versions/A/OpenGL
0x0000000053d8d000 	/System/Library/Frameworks/CoreImage.framework/Versions/A/CoreImage
0x0000000053d8d000 	/System/Library/Frameworks/CoreText.framework/Versions/A/CoreText
0x0000000053d8d000 	/System/Library/Frameworks/ImageIO.framework/Versions/A/ImageIO
0x0000000053d8d000 	/System/Library/PrivateFrameworks/Backup.framework/Versions/A/Backup
0x0000000053d8d000 	/usr/lib/libarchive.2.dylib
0x0000000053d8d000 	/System/Library/Frameworks/CFNetwork.framework/Versions/A/CFNetwork
0x0000000053d8d000 	/System/Library/Frameworks/SystemConfiguration.framework/Versions/A/SystemConfiguration
0x0000000053d8d000 	/usr/lib/libCRFSuite.dylib
0x0000000053d8d000 	/usr/lib/libc++.1.dylib
0x0000000053d8d000 	/usr/lib/libc++abi.dylib
0x0000000053d8d000 	/usr/lib/system/libcache.dylib
0x0000000053d8d000 	/usr/lib/system/libcommonCrypto.dylib
0x0000000053d8d000 	/usr/lib/system/libcompiler_rt.dylib
0x0000000053d8d000 	/usr/lib/system/libcopyfile.dylib
0x0000000053d8d000 	/usr/lib/system/libcorecrypto.dylib
0x0000000053d8d000 	/usr/lib/system/libdispatch.dylib
0x0000000053d8d000 	/usr/lib/system/libdyld.dylib
0x0000000053d8d000 	/usr/lib/system/libkeymgr.dylib
0x0000000053d8d000 	/usr/lib/system/liblaunch.dylib
0x0000000053d8d000 	/usr/lib/system/libmacho.dylib
0x0000000053d8d000 	/usr/lib/system/libquarantine.dylib
0x0000000053d8d000 	/usr/lib/system/libremovefile.dylib
0x0000000053d8d000 	/usr/lib/system/libsystem_asl.dylib
0x0000000053d8d000 	/usr/lib/system/libsystem_blocks.dylib
0x0000000053d8d000 	/usr/lib/system/libsystem_c.dylib
0x0000000053d8d000 	/usr/lib/system/libsystem_configuration.dylib
0x0000000053d8d000 	/usr/lib/system/libsystem_coreservices.dylib
0x0000000053d8d000 	/usr/lib/system/libsystem_coretls.dylib
0x0000000053d8d000 	/usr/lib/system/libsystem_dnssd.dylib
0x0000000053d8d000 	/usr/lib/system/libsystem_info.dylib
0x0000000053d8d000 	/usr/lib/system/libsystem_kernel.dylib
0x0000000053d8d000 	/usr/lib/system/libsystem_m.dylib
0x0000000053d8d000 	/usr/lib/system/libsystem_malloc.dylib
0x0000000053d8d000 	/usr/lib/system/libsystem_network.dylib
0x0000000053d8d000 	/usr/lib/system/libsystem_networkextension.dylib
0x0000000053d8d000 	/usr/lib/system/libsystem_notify.dylib
0x0000000053d8d000 	/usr/lib/system/libsystem_platform.dylib
0x0000000053d8d000 	/usr/lib/system/libsystem_pthread.dylib
0x0000000053d8d000 	/usr/lib/system/libsystem_sandbox.dylib
0x0000000053d8d000 	/usr/lib/system/libsystem_secinit.dylib
0x0000000053d8d000 	/usr/lib/system/libsystem_symptoms.dylib
0x0000000053d8d000 	/usr/lib/system/libsystem_trace.dylib
0x0000000053d8d000 	/usr/lib/system/libunwind.dylib
0x0000000053d8d000 	/usr/lib/system/libxpc.dylib
0x0000000053d8d000 	/usr/lib/libbsm.0.dylib
0x0000000053d8d000 	/usr/lib/system/libkxld.dylib
0x0000000053d8d000 	/usr/lib/libcoretls.dylib
0x0000000053d8d000 	/usr/lib/libcoretls_cfhelpers.dylib
0x0000000053d8d000 	/usr/lib/libxar.1.dylib
0x0000000053d8d000 	/usr/lib/libsqlite3.dylib
0x0000000053d8d000 	/usr/lib/libpam.2.dylib
0x0000000053d8d000 	/usr/lib/libOpenScriptingUtil.dylib
0x0000000053d8d000 	/usr/lib/libbz2.1.0.dylib
0x0000000053d8d000 	/usr/lib/liblzma.5.dylib
0x0000000053d8d000 	/usr/lib/libnetwork.dylib
0x0000000053d8d000 	/usr/lib/libpcap.A.dylib
0x0000000053d8d000 	/System/Library/Frameworks/CoreServices.framework/Versions/A/Frameworks/FSEvents.framework/Versions/A/FSEvents
0x0000000053d8d000 	/System/Library/Frameworks/CoreServices.framework/Versions/A/Frameworks/CarbonCore.framework/Versions/A/CarbonCore
0x0000000053d8d000 	/System/Library/Frameworks/CoreServices.framework/Versions/A/Frameworks/Metadata.framework/Versions/A/Metadata
0x0000000053d8d000 	/System/Library/Frameworks/CoreServices.framework/Versions/A/Frameworks/OSServices.framework/Versions/A/OSServices
0x0000000053d8d000 	/System/Library/Frameworks/CoreServices.framework/Versions/A/Frameworks/SearchKit.framework/Versions/A/SearchKit
0x0000000053d8d000 	/System/Library/Frameworks/CoreServices.framework/Versions/A/Frameworks/AE.framework/Versions/A/AE
0x0000000053d8d000 	/System/Library/Frameworks/CoreServices.framework/Versions/A/Frameworks/LaunchServices.framework/Versions/A/LaunchServices
0x0000000053d8d000 	/System/Library/Frameworks/CoreServices.framework/Versions/A/Frameworks/DictionaryServices.framework/Versions/A/DictionaryServices
0x0000000053d8d000 	/System/Library/Frameworks/CoreServices.framework/Versions/A/Frameworks/SharedFileList.framework/Versions/A/SharedFileList
0x0000000053d8d000 	/System/Library/Frameworks/NetFS.framework/Versions/A/NetFS
0x0000000053d8d000 	/System/Library/PrivateFrameworks/NetAuth.framework/Versions/A/NetAuth
0x0000000053d8d000 	/System/Library/PrivateFrameworks/login.framework/Versions/A/Frameworks/loginsupport.framework/Versions/A/loginsupport
0x0000000053d8d000 	/System/Library/PrivateFrameworks/TCC.framework/Versions/A/TCC
0x0000000053d8d000 	/usr/lib/libmecabra.dylib
0x0000000053d8d000 	/System/Library/Frameworks/ApplicationServices.framework/Versions/A/Frameworks/ATS.framework/Versions/A/ATS
0x0000000053d8d000 	/System/Library/Frameworks/ApplicationServices.framework/Versions/A/Frameworks/ColorSync.framework/Versions/A/ColorSync
0x0000000053d8d000 	/System/Library/Frameworks/ApplicationServices.framework/Versions/A/Frameworks/HIServices.framework/Versions/A/HIServices
0x0000000053d8d000 	/System/Library/Frameworks/ApplicationServices.framework/Versions/A/Frameworks/LangAnalysis.framework/Versions/A/LangAnalysis
0x0000000053d8d000 	/System/Library/Frameworks/ApplicationServices.framework/Versions/A/Frameworks/PrintCore.framework/Versions/A/PrintCore
0x0000000053d8d000 	/System/Library/Frameworks/ApplicationServices.framework/Versions/A/Frameworks/QD.framework/Versions/A/QD
0x0000000053d8d000 	/System/Library/Frameworks/ApplicationServices.framework/Versions/A/Frameworks/SpeechSynthesis.framework/Versions/A/SpeechSynthesis
0x0000000053d8d000 	/System/Library/Frameworks/Accelerate.framework/Versions/A/Frameworks/vImage.framework/Versions/A/vImage
0x0000000053d8d000 	/System/Library/Frameworks/Accelerate.framework/Versions/A/Frameworks/vecLib.framework/Versions/A/vecLib
0x0000000053d8d000 	/System/Library/Frameworks/Accelerate.framework/Versions/A/Frameworks/vecLib.framework/Versions/A/libvDSP.dylib
0x0000000053d8d000 	/System/Library/Frameworks/Accelerate.framework/Versions/A/Frameworks/vecLib.framework/Versions/A/libBNNS.dylib
0x0000000053d8d000 	/System/Library/Frameworks/Accelerate.framework/Versions/A/Frameworks/vecLib.framework/Versions/A/libQuadrature.dylib
0x0000000053d8d000 	/System/Library/Frameworks/Accelerate.framework/Versions/A/Frameworks/vecLib.framework/Versions/A/libvMisc.dylib
0x0000000053d8d000 	/System/Library/Frameworks/Accelerate.framework/Versions/A/Frameworks/vecLib.framework/Versions/A/libLAPACK.dylib
0x0000000053d8d000 	/System/Library/Frameworks/Accelerate.framework/Versions/A/Frameworks/vecLib.framework/Versions/A/libBLAS.dylib
0x0000000053d8d000 	/System/Library/Frameworks/Accelerate.framework/Versions/A/Frameworks/vecLib.framework/Versions/A/libLinearAlgebra.dylib
0x0000000053d8d000 	/System/Library/Frameworks/Accelerate.framework/Versions/A/Frameworks/vecLib.framework/Versions/A/libSparseBLAS.dylib
0x0000000053d8d000 	/System/Library/Frameworks/ApplicationServices.framework/Versions/A/Frameworks/ATS.framework/Versions/A/Resources/libFontParser.dylib
0x0000000053d8d000 	/System/Library/Frameworks/ApplicationServices.framework/Versions/A/Frameworks/ATS.framework/Versions/A/Resources/libFontRegistry.dylib
0x0000000053d8d000 	/System/Library/Frameworks/ImageIO.framework/Versions/A/Resources/libJPEG.dylib
0x0000000053d8d000 	/System/Library/Frameworks/ImageIO.framework/Versions/A/Resources/libTIFF.dylib
0x0000000053d8d000 	/System/Library/Frameworks/ImageIO.framework/Versions/A/Resources/libPng.dylib
0x0000000053d8d000 	/System/Library/Frameworks/ImageIO.framework/Versions/A/Resources/libGIF.dylib
0x0000000053d8d000 	/System/Library/Frameworks/ImageIO.framework/Versions/A/Resources/libJP2.dylib
0x0000000053d8d000 	/System/Library/Frameworks/ImageIO.framework/Versions/A/Resources/libRadiance.dylib
0x0000000053d8d000 	/usr/lib/libcompression.dylib
0x0000000053d8d000 	/System/Library/PrivateFrameworks/AppleJPEG.framework/Versions/A/AppleJPEG
0x0000000053d8d000 	/usr/lib/libcups.2.dylib
0x0000000053d8d000 	/System/Library/Frameworks/Kerberos.framework/Versions/A/Kerberos
0x0000000053d8d000 	/System/Library/Frameworks/GSS.framework/Versions/A/GSS
0x0000000053d8d000 	/usr/lib/libresolv.9.dylib
0x0000000053d8d000 	/usr/lib/libiconv.2.dylib
0x0000000053d8d000 	/System/Library/PrivateFrameworks/Heimdal.framework/Versions/A/Heimdal
0x0000000053d8d000 	/usr/lib/libheimdal-asn1.dylib
0x0000000053d8d000 	/System/Library/Frameworks/OpenDirectory.framework/Versions/A/OpenDirectory
0x0000000053d8d000 	/System/Library/PrivateFrameworks/CommonAuth.framework/Versions/A/CommonAuth
0x0000000053d8d000 	/System/Library/Frameworks/OpenDirectory.framework/Versions/A/Frameworks/CFOpenDirectory.framework/Versions/A/CFOpenDirectory
0x0000000053d8d000 	/System/Library/Frameworks/SecurityFoundation.framework/Versions/A/SecurityFoundation
0x0000000053d8d000 	/System/Library/PrivateFrameworks/LanguageModeling.framework/Versions/A/LanguageModeling
0x0000000053d8d000 	/usr/lib/libmarisa.dylib
0x0000000053d8d000 	/usr/lib/libChineseTokenizer.dylib
0x0000000053d8d000 	/usr/lib/libcmph.dylib
0x0000000053d8d000 	/System/Library/PrivateFrameworks/CoreEmoji.framework/Versions/A/CoreEmoji
0x0000000053d8d000 	/System/Library/Frameworks/ServiceManagement.framework/Versions/A/ServiceManagement
0x0000000053d8d000 	/usr/lib/libxslt.1.dylib
0x0000000053d8d000 	/System/Library/Frameworks/Carbon.framework/Versions/A/Frameworks/Ink.framework/Versions/A/Ink
0x0000000053d8d000 	/System/Library/PrivateFrameworks/TextureIO.framework/Versions/A/TextureIO
0x0000000053d8d000 	/System/Library/Frameworks/Metal.framework/Versions/A/Metal
0x0000000053d8d000 	/usr/lib/libate.dylib
0x0000000053d8d000 	/System/Library/PrivateFrameworks/GPUCompiler.framework/libmetal_timestamp.dylib
0x0000000053d8d000 	/System/Library/Frameworks/OpenGL.framework/Versions/A/Libraries/libCoreFSCache.dylib
0x0000000053d8d000 	/System/Library/PrivateFrameworks/IOAccelerator.framework/Versions/A/IOAccelerator
0x0000000053d8d000 	/System/Library/Frameworks/CoreVideo.framework/Versions/A/CoreVideo
0x0000000053d8d000 	/usr/lib/libFosl_dynamic.dylib
0x0000000053d8d000 	/System/Library/PrivateFrameworks/MetalPerformanceShaders.framework/Versions/A/MetalPerformanceShaders
0x0000000053d8d000 	/System/Library/PrivateFrameworks/FaceCore.framework/Versions/A/FaceCore
0x0000000053d8d000 	/System/Library/Frameworks/OpenCL.framework/Versions/A/OpenCL
0x0000000053d8d000 	/System/Library/Frameworks/OpenGL.framework/Versions/A/Libraries/libGLU.dylib
0x0000000053d8d000 	/System/Library/Frameworks/OpenGL.framework/Versions/A/Libraries/libGFXShared.dylib
0x0000000053d8d000 	/System/Library/Frameworks/OpenGL.framework/Versions/A/Libraries/libGL.dylib
0x0000000053d8d000 	/System/Library/Frameworks/OpenGL.framework/Versions/A/Libraries/libGLImage.dylib
0x0000000053d8d000 	/System/Library/Frameworks/OpenGL.framework/Versions/A/Libraries/libCVMSPluginSupport.dylib
0x0000000053d8d000 	/System/Library/Frameworks/OpenGL.framework/Versions/A/Libraries/libCoreVMClient.dylib
0x0000000053d8d000 	/System/Library/PrivateFrameworks/CrashReporterSupport.framework/Versions/A/CrashReporterSupport
0x0000000053d8d000 	/System/Library/PrivateFrameworks/Sharing.framework/Versions/A/Sharing
0x0000000053d8d000 	/System/Library/PrivateFrameworks/IconServices.framework/Versions/A/IconServices
0x0000000053d8d000 	/System/Library/PrivateFrameworks/ProtocolBuffer.framework/Versions/A/ProtocolBuffer
0x0000000053d8d000 	/System/Library/PrivateFrameworks/Apple80211.framework/Versions/A/Apple80211
0x0000000053d8d000 	/System/Library/Frameworks/CoreWLAN.framework/Versions/A/CoreWLAN
0x0000000053d8d000 	/System/Library/PrivateFrameworks/CoreUtils.framework/Versions/A/CoreUtils
0x0000000053d8d000 	/System/Library/Frameworks/IOBluetooth.framework/Versions/A/IOBluetooth
0x0000000053d8d000 	/System/Library/PrivateFrameworks/CoreWiFi.framework/Versions/A/CoreWiFi
0x0000000053d8d000 	/System/Library/Frameworks/CoreBluetooth.framework/Versions/A/CoreBluetooth
0x0000000053d8d000 	/System/Library/Frameworks/CoreDisplay.framework/Versions/A/CoreDisplay
0x0000000053d8d000 	/System/Library/PrivateFrameworks/IOPresentment.framework/Versions/A/IOPresentment
0x0000000053d8d000 	/System/Library/PrivateFrameworks/DebugSymbols.framework/Versions/A/DebugSymbols
0x0000000053d8d000 	/System/Library/PrivateFrameworks/CoreSymbolication.framework/Versions/A/CoreSymbolication
0x0000000053d8d000 	/System/Library/PrivateFrameworks/Symbolication.framework/Versions/A/Symbolication
0x0000000053d8d000 	/System/Library/PrivateFrameworks/AppleFSCompression.framework/Versions/A/AppleFSCompression
0x0000000053d8d000 	/System/Library/PrivateFrameworks/SpeechRecognitionCore.framework/Versions/A/SpeechRecognitionCore
0x0000000053d8d000 	/System/Library/PrivateFrameworks/ChunkingLibrary.framework/Versions/A/ChunkingLibrary
0x0000000105200000 	/Library/Java/JavaVirtualMachines/jdk1.7.0_79.jdk/Contents/Home/jre/lib/server/libjvm.dylib
0x0000000053d8d000 	/usr/lib/libstdc++.6.dylib
0x0000000104145000 	/Library/Java/JavaVirtualMachines/jdk1.7.0_79.jdk/Contents/Home/jre/lib/libverify.dylib
0x0000000104152000 	/Library/Java/JavaVirtualMachines/jdk1.7.0_79.jdk/Contents/Home/jre/lib/libjava.dylib
0x0000000104183000 	/Library/Java/JavaVirtualMachines/jdk1.7.0_79.jdk/Contents/Home/jre/lib/libjdwp.dylib
0x00000001041c0000 	/Library/Java/JavaVirtualMachines/jdk1.7.0_79.jdk/Contents/Home/jre/lib/libnpt.dylib
0x00000001041cd000 	/Library/Java/JavaVirtualMachines/jdk1.7.0_79.jdk/Contents/Home/jre/lib/libzip.dylib
0x0000000114575000 	/System/Library/Frameworks/JavaVM.framework/Frameworks/JavaRuntimeSupport.framework/JavaRuntimeSupport
0x000000011458f000 	/System/Library/Frameworks/JavaVM.framework/Versions/A/Frameworks/JavaNativeFoundation.framework/Versions/A/JavaNativeFoundation
0x00000001145a4000 	/System/Library/Frameworks/JavaVM.framework/Versions/A/JavaVM
0x0000000053d8d000 	/System/Library/Frameworks/Carbon.framework/Versions/A/Carbon
0x00000001145b1000 	/System/Library/PrivateFrameworks/JavaLaunching.framework/Versions/A/JavaLaunching
0x0000000053d8d000 	/System/Library/Frameworks/Carbon.framework/Versions/A/Frameworks/CommonPanels.framework/Versions/A/CommonPanels
0x0000000053d8d000 	/System/Library/Frameworks/Carbon.framework/Versions/A/Frameworks/Help.framework/Versions/A/Help
0x0000000053d8d000 	/System/Library/Frameworks/Carbon.framework/Versions/A/Frameworks/ImageCapture.framework/Versions/A/ImageCapture
0x0000000053d8d000 	/System/Library/Frameworks/Carbon.framework/Versions/A/Frameworks/OpenScripting.framework/Versions/A/OpenScripting
0x0000000053d8d000 	/System/Library/Frameworks/Carbon.framework/Versions/A/Frameworks/Print.framework/Versions/A/Print
0x0000000053d8d000 	/System/Library/Frameworks/Carbon.framework/Versions/A/Frameworks/SecurityHI.framework/Versions/A/SecurityHI
0x0000000115ebb000 	/Library/Java/JavaVirtualMachines/jdk1.7.0_79.jdk/Contents/Home/jre/lib/libdt_socket.dylib

VM Arguments:
jvm_args: -agentlib:jdwp=transport=dt_socket,address=127.0.0.1:60921,suspend=y,server=n -Dfile.encoding=UTF-8 
java_command: it.miketech.FileUtil
Launcher Type: SUN_STANDARD

Environment Variables:
PATH=/Library/Frameworks/Python.framework/Versions/3.5/bin:/usr/local/bin:/usr/bin:/bin:/usr/sbin:/sbin:/usr/local/aria2/bin:/Users/apple/Library/Android/sdk/platform-tools:/Users/apple/Library/Android/sdk/tools
SHELL=/bin/bash

Signal Handlers:
SIGSEGV: [libjvm.dylib+0x52daf1], sa_mask[0]=0xfffefeff, sa_flags=0x00000043
SIGBUS: [libjvm.dylib+0x52daf1], sa_mask[0]=0xfffefeff, sa_flags=0x00000042
SIGFPE: [libjvm.dylib+0x41f34e], sa_mask[0]=0xfffefeff, sa_flags=0x00000042
SIGPIPE: [libjvm.dylib+0x41f34e], sa_mask[0]=0xfffefeff, sa_flags=0x00000042
SIGXFSZ: [libjvm.dylib+0x41f34e], sa_mask[0]=0xfffefeff, sa_flags=0x00000042
SIGILL: [libjvm.dylib+0x41f34e], sa_mask[0]=0xfffefeff, sa_flags=0x00000042
SIGUSR1: SIG_DFL, sa_mask[0]=0x00000000, sa_flags=0x00000000
SIGUSR2: [libjvm.dylib+0x41ee40], sa_mask[0]=0x00000004, sa_flags=0x00000042
SIGHUP: [libjvm.dylib+0x41d0d1], sa_mask[0]=0xfffefeff, sa_flags=0x00000042
SIGINT: [libjvm.dylib+0x41d0d1], sa_mask[0]=0xfffefeff, sa_flags=0x00000042
SIGTERM: [libjvm.dylib+0x41d0d1], sa_mask[0]=0xfffefeff, sa_flags=0x00000042
SIGQUIT: [libjvm.dylib+0x41d0d1], sa_mask[0]=0xfffefeff, sa_flags=0x00000042


---------------  S Y S T E M  ---------------

OS:Bsduname:Darwin 16.1.0 Darwin Kernel Version 16.1.0: Thu Oct 13 21:26:57 PDT 2016; root:xnu-3789.21.3~60/RELEASE_X86_64 x86_64
rlimit: STACK 8192k, CORE 0k, NPROC 709, NOFILE 10240, AS infinity
load average:3.02 3.16 2.96

CPU:total 8 (4 cores per cpu, 2 threads per core) family 6 model 70 stepping 1, cmov, cx8, fxsr, mmx, sse, sse2, sse3, ssse3, sse4.1, sse4.2, popcnt, avx, avx2, aes, erms, ht, tsc, tscinvbit

Memory: 4k page, physical 16777216k(4194304k free)

/proc/meminfo:


vm_info: Java HotSpot(TM) 64-Bit Server VM (24.79-b02) for bsd-amd64 JRE (1.7.0_79-b15), built on Apr 10 2015 11:35:04 by "java_re" with gcc 4.2.1 (Based on Apple Inc. build 5658) (LLVM build 2336.11.00)

time: Fri Dec  2 00:13:08 2016
elapsed time: 406 seconds

