#
# A fatal error has been detected by the Java Runtime Environment:
#
#  SIGSEGV (0xb) at pc=0x000000010c1387f4, pid=1943, tid=19203
#
# JRE version: Java(TM) SE Runtime Environment (7.0_79-b15) (build 1.7.0_79-b15)
# Java VM: Java HotSpot(TM) 64-Bit Server VM (24.79-b02 mixed mode bsd-amd64 compressed oops)
# Problematic frame:
# V  [libjvm.dylib+0x3387f4]
#
# Failed to write core dump. Core dumps have been disabled. To enable core dumping, try "ulimit -c unlimited" before starting Java again
#
# If you would like to submit a bug report, please visit:
#   http://bugreport.java.com/bugreport/crash.jsp
#

---------------  T H R E A D  ---------------

Current thread (0x00007fe149006000):  JavaThread "JDWP Transport Listener: dt_socket" daemon [_thread_in_vm, id=19203, stack(0x000070000b57a000,0x000070000b67a000)]

siginfo:si_signo=SIGSEGV: si_errno=0, si_code=0 (SEGV0), si_addr=0x0000000000000000

Registers:
RAX=0x0000000000000001, RBX=0x000070000b679a8b, RCX=0x0000000000000000, RDX=0x000070000b679a8b
RSP=0x000070000b6799f0, RBP=0x000070000b679a40, RSI=0x00007fe149006000, RDI=0x00007fe149a008c0
R8 =0x0000000000000000, R9 =0x00007fe147c2d1f0, R10=0x0000000000000001, R11=0x0000000000000001
R12=0x00007fe149006000, R13=0x0002000000000000, R14=0x0002000000000000, R15=0x00007fe149a008c0
RIP=0x000000010c1387f4, EFLAGS=0x0000000000010206, ERR=0x0000000000000000
  TRAPNO=0x000000000000000d

Top of Stack: (sp=0x000070000b6799f0)
0x000070000b6799f0:   00007fe149006000 0000000000000000
0x000070000b679a00:   0000000000000000 0000000000000000
0x000070000b679a10:   00007fe149006000 00007fe149006000
0x000070000b679a20:   000070000b679a8b 000070000b679a90
0x000070000b679a30:   0002000000000000 0000000000000003
0x000070000b679a40:   000070000b679a60 000000010acf81a8
0x000070000b679a50:   0000000000000001 000070000b679b08
0x000070000b679a60:   000070000b679ad0 000000010acdcfbb
0x000070000b679a70:   000070000b679aa0 00007fe147c2d1d0
0x000070000b679a80:   0000000400000032 0000000900679b08
0x000070000b679a90:   0000000000000000 0000000000000000
0x000070000b679aa0:   0000000000000000 000070000b679c90
0x000070000b679ab0:   000000010acffdc2 00007fe149a07e80
0x000070000b679ac0:   000070000b679b08 000000010ad0b588
0x000070000b679ad0:   000070000b679ae0 000000010acdd0b4
0x000070000b679ae0:   000070000b679d00 000000010ace6642
0x000070000b679af0:   0000091c00000013 00000000000f0200
0x000070000b679b00:   00007fe149a07ff0 000070000b679bea
0x000070000b679b10:   00007fe10000009a 000070000b679b20
0x000070000b679b20:   00007fe100000092 000070000b679b58
0x000070000b679b30:   0000000000000000 0000000000000000
0x000070000b679b40:   0000091c0000000f 00007fe100003c80
0x000070000b679b50:   000070000b679b58 e17f000004000000
0x000070000b679b60:   0f000000900ce047 656c694664616572
0x000070000b679b70:   0073657479427942 76616a4c28150000
0x000070000b679b80:   532f676e616c2f61 56293b676e697274
0x000070000b679b90:   0900000000000000 f8bdb049e17f0000
0x000070000b679ba0:   31746e6904000000 4229492804000000
0x000070000b679bb0:   0a00000000000000 880ce047e17f0000
0x000070000b679bc0:   6e69616d04000000 6a4c5b2816000000
0x000070000b679bd0:   676e616c2f617661 3b676e697274532f
0x000070000b679be0:   0000000000005629 1f0000003c000900 

Instructions: (pc=0x000000010c1387f4)
0x000000010c1387d4:   00 00 00 41 f6 87 68 01 00 00 10 75 07 b8 63 00
0x000000010c1387e4:   00 00 eb 7a 4d 85 f6 75 07 b8 17 00 00 00 eb 6e
0x000000010c1387f4:   4d 8b 36 48 b8 fe fe fe fe fe fe fe fe 49 39 c6
0x000000010c138804:   74 e7 4d 85 f6 74 e2 48 8d 05 fe 6b 4d 00 80 38 

Register to memory mapping:

RAX=0x0000000000000001 is an unknown value
RBX=0x000070000b679a8b is pointing into the stack for thread: 0x00007fe149006000
RCX=0x0000000000000000 is an unknown value
RDX=0x000070000b679a8b is pointing into the stack for thread: 0x00007fe149006000
RSP=0x000070000b6799f0 is pointing into the stack for thread: 0x00007fe149006000
RBP=0x000070000b679a40 is pointing into the stack for thread: 0x00007fe149006000
RSI=0x00007fe149006000 is a thread
RDI=0x00007fe149a008c0 is an unknown value
R8 =0x0000000000000000 is an unknown value
R9 =0x00007fe147c2d1f0 is an unknown value
R10=0x0000000000000001 is an unknown value
R11=0x0000000000000001 is an unknown value
R12=0x00007fe149006000 is a thread
R13=0x0002000000000000 is an unknown value
R14=0x0002000000000000 is an unknown value
R15=0x00007fe149a008c0 is an unknown value


Stack: [0x000070000b57a000,0x000070000b67a000],  sp=0x000070000b6799f0,  free space=1022k
Native frames: (J=compiled Java code, j=interpreted, Vv=VM code, C=native code)
V  [libjvm.dylib+0x3387f4]
C  [libjdwp.dylib+0x201a8]  isMethodSynthetic+0x63
C  [libjdwp.dylib+0x4fbb]  methods1+0x10b
C  [libjdwp.dylib+0x50b4]  methodsWithGeneric+0xe
C  [libjdwp.dylib+0xe642]  debugLoop_run+0x1ce
C  [libjdwp.dylib+0x1f0e2]  attachThread+0x4d
V  [libjvm.dylib+0x37945a]
V  [libjvm.dylib+0x4f759d]
V  [libjvm.dylib+0x4f8ca5]
V  [libjvm.dylib+0x421c4e]
C  [libsystem_pthread.dylib+0x3aab]  _pthread_body+0xb4
C  [libsystem_pthread.dylib+0x39f7]  _pthread_body+0x0
C  [libsystem_pthread.dylib+0x3221]  thread_start+0xd


---------------  P R O C E S S  ---------------

Java Threads: ( => current thread )
  0x00007fe14b01c000 JavaThread "Service Thread" daemon [_thread_blocked, id=21763, stack(0x000070000ba89000,0x000070000bb89000)]
  0x00007fe14a003800 JavaThread "C2 CompilerThread1" daemon [_thread_blocked, id=21251, stack(0x000070000b986000,0x000070000ba86000)]
  0x00007fe14a824000 JavaThread "C2 CompilerThread0" daemon [_thread_blocked, id=20739, stack(0x000070000b883000,0x000070000b983000)]
  0x00007fe14b81d000 JavaThread "JDWP Command Reader" daemon [_thread_in_native, id=20227, stack(0x000070000b780000,0x000070000b880000)]
  0x00007fe14c018800 JavaThread "JDWP Event Helper Thread" daemon [_thread_blocked, id=19715, stack(0x000070000b67d000,0x000070000b77d000)]
=>0x00007fe149006000 JavaThread "JDWP Transport Listener: dt_socket" daemon [_thread_in_vm, id=19203, stack(0x000070000b57a000,0x000070000b67a000)]
  0x00007fe148803800 JavaThread "Signal Dispatcher" daemon [_thread_blocked, id=18691, stack(0x000070000b477000,0x000070000b577000)]
  0x00007fe14b81a000 JavaThread "Finalizer" daemon [_thread_blocked, id=14595, stack(0x000070000b374000,0x000070000b474000)]
  0x00007fe14b819800 JavaThread "Reference Handler" daemon [_thread_blocked, id=14083, stack(0x000070000b271000,0x000070000b371000)]
  0x00007fe14b802000 JavaThread "main" [_thread_blocked, id=7171, stack(0x000070000a853000,0x000070000a953000)]

Other Threads:
  0x00007fe14b817000 VMThread [stack: 0x000070000b16e000,0x000070000b26e000] [id=13571]
  0x00007fe14b81f800 WatcherThread [stack: 0x000070000bb8c000,0x000070000bc8c000] [id=22275]

VM state:not at safepoint (normal execution)

VM Mutex/Monitor currently owned by a thread: None

Heap
 PSYoungGen      total 76800K, used 3963K [0x00000007aaa80000, 0x00000007b0000000, 0x0000000800000000)
  eden space 66048K, 6% used [0x00000007aaa80000,0x00000007aae5ec80,0x00000007aeb00000)
  from space 10752K, 0% used [0x00000007af580000,0x00000007af580000,0x00000007b0000000)
  to   space 10752K, 0% used [0x00000007aeb00000,0x00000007aeb00000,0x00000007af580000)
 ParOldGen       total 174592K, used 0K [0x0000000700000000, 0x000000070aa80000, 0x00000007aaa80000)
  object space 174592K, 0% used [0x0000000700000000,0x0000000700000000,0x000000070aa80000)
 PSPermGen       total 21504K, used 3074K [0x00000006fae00000, 0x00000006fc300000, 0x0000000700000000)
  object space 21504K, 14% used [0x00000006fae00000,0x00000006fb1009e0,0x00000006fc300000)

Card table byte_map: [0x000000010c863000,0x000000010d08d000] byte_map_base: 0x000000010908c000

Polling page: 0x000000010acd7000

Code Cache  [0x000000010e834000, 0x000000010eaa4000, 0x0000000111834000)
 total_blobs=201 nmethods=4 adapters=160 free_code_cache=48754Kb largest_free_block=49917888

Compilation events (8 events):
Event: 0.196 Thread 0x00007fe14a824000    1             java.lang.String::hashCode (55 bytes)
Event: 0.197 Thread 0x00007fe14a003800    2             java.lang.String::indexOf (70 bytes)
Event: 0.202 Thread 0x00007fe14a824000 nmethod 1 0x000000010e891ed0 code [0x000000010e892020, 0x000000010e8921b8]
Event: 0.202 Thread 0x00007fe14a003800 nmethod 2 0x000000010e891a90 code [0x000000010e891be0, 0x000000010e891dc8]
Event: 0.213 Thread 0x00007fe14a824000    3             sun.nio.cs.UTF_8$Encoder::encode (361 bytes)
Event: 0.213 Thread 0x00007fe14a003800    4             java.lang.String::charAt (29 bytes)
Event: 0.214 Thread 0x00007fe14a003800 nmethod 4 0x000000010e893710 code [0x000000010e893860, 0x000000010e893958]
Event: 0.221 Thread 0x00007fe14a824000 nmethod 3 0x000000010e895090 code [0x000000010e895220, 0x000000010e895908]

GC Heap History (0 events):
No events

Deoptimization events (0 events):
No events

Internal exceptions (2 events):
Event: 0.033 Thread 0x00007fe14b802000 Threw 0x00000007aaa8f130 at /HUDSON/workspace/7u-2-build-macosx-x86_64/jdk7u79/2331/hotspot/src/share/vm/prims/jni.cpp:3991
Event: 0.208 Thread 0x00007fe14b802000 Threw 0x00000007aaaec180 at /HUDSON/workspace/7u-2-build-macosx-x86_64/jdk7u79/2331/hotspot/src/share/vm/prims/jvm.cpp:1304

Events (10 events):
Event: 992.896 Executing VM operation: ChangeBreakpoints
Event: 992.896 Executing VM operation: ChangeBreakpoints done
Event: 1015.962 Executing VM operation: ChangeBreakpoints
Event: 1015.962 Executing VM operation: ChangeBreakpoints done
Event: 1255.762 Executing VM operation: ChangeBreakpoints
Event: 1255.762 Executing VM operation: ChangeBreakpoints done
Event: 1257.614 Executing VM operation: ChangeBreakpoints
Event: 1257.614 Executing VM operation: ChangeBreakpoints done
Event: 1257.617 Executing VM operation: RedefineClasses
Event: 1257.618 Executing VM operation: RedefineClasses done


Dynamic libraries:
0x0000000053d8d000 	/System/Library/Frameworks/Cocoa.framework/Versions/A/Cocoa
0x0000000053d8d000 	/System/Library/Frameworks/Security.framework/Versions/A/Security
0x0000000053d8d000 	/System/Library/Frameworks/ApplicationServices.framework/Versions/A/ApplicationServices
0x0000000053d8d000 	/usr/lib/libz.1.dylib
0x0000000053d8d000 	/usr/lib/libSystem.B.dylib
0x0000000053d8d000 	/usr/lib/libobjc.A.dylib
0x0000000053d8d000 	/System/Library/Frameworks/CoreFoundation.framework/Versions/A/CoreFoundation
0x0000000053d8d000 	/System/Library/Frameworks/Foundation.framework/Versions/C/Foundation
0x0000000053d8d000 	/System/Library/Frameworks/AppKit.framework/Versions/C/AppKit
0x0000000053d8d000 	/System/Library/Frameworks/CoreData.framework/Versions/A/CoreData
0x0000000053d8d000 	/System/Library/PrivateFrameworks/RemoteViewServices.framework/Versions/A/RemoteViewServices
0x0000000053d8d000 	/System/Library/PrivateFrameworks/UIFoundation.framework/Versions/A/UIFoundation
0x0000000053d8d000 	/usr/lib/libenergytrace.dylib
0x0000000053d8d000 	/System/Library/PrivateFrameworks/SkyLight.framework/Versions/A/SkyLight
0x0000000053d8d000 	/System/Library/Frameworks/CoreGraphics.framework/Versions/A/CoreGraphics
0x0000000053d8d000 	/usr/lib/libScreenReader.dylib
0x0000000053d8d000 	/System/Library/Frameworks/Accelerate.framework/Versions/A/Accelerate
0x0000000053d8d000 	/System/Library/Frameworks/IOSurface.framework/Versions/A/IOSurface
0x0000000053d8d000 	/System/Library/Frameworks/AudioToolbox.framework/Versions/A/AudioToolbox
0x0000000053d8d000 	/System/Library/Frameworks/AudioUnit.framework/Versions/A/AudioUnit
0x0000000053d8d000 	/System/Library/PrivateFrameworks/DataDetectorsCore.framework/Versions/A/DataDetectorsCore
0x0000000053d8d000 	/System/Library/PrivateFrameworks/DesktopServicesPriv.framework/Versions/A/DesktopServicesPriv
0x0000000053d8d000 	/System/Library/Frameworks/Carbon.framework/Versions/A/Frameworks/HIToolbox.framework/Versions/A/HIToolbox
0x0000000053d8d000 	/usr/lib/libicucore.A.dylib
0x0000000053d8d000 	/System/Library/Frameworks/QuartzCore.framework/Versions/A/QuartzCore
0x0000000053d8d000 	/System/Library/Frameworks/Carbon.framework/Versions/A/Frameworks/SpeechRecognition.framework/Versions/A/SpeechRecognition
0x0000000053d8d000 	/usr/lib/libauto.dylib
0x0000000053d8d000 	/usr/lib/libxml2.2.dylib
0x0000000053d8d000 	/System/Library/PrivateFrameworks/CoreUI.framework/Versions/A/CoreUI
0x0000000053d8d000 	/System/Library/Frameworks/CoreAudio.framework/Versions/A/CoreAudio
0x0000000053d8d000 	/System/Library/Frameworks/DiskArbitration.framework/Versions/A/DiskArbitration
0x0000000053d8d000 	/usr/lib/liblangid.dylib
0x0000000053d8d000 	/System/Library/PrivateFrameworks/MultitouchSupport.framework/Versions/A/MultitouchSupport
0x0000000053d8d000 	/System/Library/Frameworks/IOKit.framework/Versions/A/IOKit
0x0000000053d8d000 	/usr/lib/libDiagnosticMessagesClient.dylib
0x0000000053d8d000 	/System/Library/Frameworks/CoreServices.framework/Versions/A/CoreServices
0x0000000053d8d000 	/System/Library/PrivateFrameworks/PerformanceAnalysis.framework/Versions/A/PerformanceAnalysis
0x0000000053d8d000 	/System/Library/PrivateFrameworks/GenerationalStorage.framework/Versions/A/GenerationalStorage
0x0000000053d8d000 	/System/Library/Frameworks/OpenGL.framework/Versions/A/OpenGL
0x0000000053d8d000 	/System/Library/Frameworks/CoreImage.framework/Versions/A/CoreImage
0x0000000053d8d000 	/System/Library/Frameworks/CoreText.framework/Versions/A/CoreText
0x0000000053d8d000 	/System/Library/Frameworks/ImageIO.framework/Versions/A/ImageIO
0x0000000053d8d000 	/System/Library/PrivateFrameworks/Backup.framework/Versions/A/Backup
0x0000000053d8d000 	/usr/lib/libarchive.2.dylib
0x0000000053d8d000 	/System/Library/Frameworks/CFNetwork.framework/Versions/A/CFNetwork
0x0000000053d8d000 	/System/Library/Frameworks/SystemConfiguration.framework/Versions/A/SystemConfiguration
0x0000000053d8d000 	/usr/lib/libCRFSuite.dylib
0x0000000053d8d000 	/usr/lib/libc++.1.dylib
0x0000000053d8d000 	/usr/lib/libc++abi.dylib
0x0000000053d8d000 	/usr/lib/system/libcache.dylib
0x0000000053d8d000 	/usr/lib/system/libcommonCrypto.dylib
0x0000000053d8d000 	/usr/lib/system/libcompiler_rt.dylib
0x0000000053d8d000 	/usr/lib/system/libcopyfile.dylib
0x0000000053d8d000 	/usr/lib/system/libcorecrypto.dylib
0x0000000053d8d000 	/usr/lib/system/libdispatch.dylib
0x0000000053d8d000 	/usr/lib/system/libdyld.dylib
0x0000000053d8d000 	/usr/lib/system/libkeymgr.dylib
0x0000000053d8d000 	/usr/lib/system/liblaunch.dylib
0x0000000053d8d000 	/usr/lib/system/libmacho.dylib
0x0000000053d8d000 	/usr/lib/system/libquarantine.dylib
0x0000000053d8d000 	/usr/lib/system/libremovefile.dylib
0x0000000053d8d000 	/usr/lib/system/libsystem_asl.dylib
0x0000000053d8d000 	/usr/lib/system/libsystem_blocks.dylib
0x0000000053d8d000 	/usr/lib/system/libsystem_c.dylib
0x0000000053d8d000 	/usr/lib/system/libsystem_configuration.dylib
0x0000000053d8d000 	/usr/lib/system/libsystem_coreservices.dylib
0x0000000053d8d000 	/usr/lib/system/libsystem_coretls.dylib
0x0000000053d8d000 	/usr/lib/system/libsystem_dnssd.dylib
0x0000000053d8d000 	/usr/lib/system/libsystem_info.dylib
0x0000000053d8d000 	/usr/lib/system/libsystem_kernel.dylib
0x0000000053d8d000 	/usr/lib/system/libsystem_m.dylib
0x0000000053d8d000 	/usr/lib/system/libsystem_malloc.dylib
0x0000000053d8d000 	/usr/lib/system/libsystem_network.dylib
0x0000000053d8d000 	/usr/lib/system/libsystem_networkextension.dylib
0x0000000053d8d000 	/usr/lib/system/libsystem_notify.dylib
0x0000000053d8d000 	/usr/lib/system/libsystem_platform.dylib
0x0000000053d8d000 	/usr/lib/system/libsystem_pthread.dylib
0x0000000053d8d000 	/usr/lib/system/libsystem_sandbox.dylib
0x0000000053d8d000 	/usr/lib/system/libsystem_secinit.dylib
0x0000000053d8d000 	/usr/lib/system/libsystem_symptoms.dylib
0x0000000053d8d000 	/usr/lib/system/libsystem_trace.dylib
0x0000000053d8d000 	/usr/lib/system/libunwind.dylib
0x0000000053d8d000 	/usr/lib/system/libxpc.dylib
0x0000000053d8d000 	/usr/lib/libbsm.0.dylib
0x0000000053d8d000 	/usr/lib/system/libkxld.dylib
0x0000000053d8d000 	/usr/lib/libcoretls.dylib
0x0000000053d8d000 	/usr/lib/libcoretls_cfhelpers.dylib
0x0000000053d8d000 	/usr/lib/libxar.1.dylib
0x0000000053d8d000 	/usr/lib/libsqlite3.dylib
0x0000000053d8d000 	/usr/lib/libpam.2.dylib
0x0000000053d8d000 	/usr/lib/libOpenScriptingUtil.dylib
0x0000000053d8d000 	/usr/lib/libbz2.1.0.dylib
0x0000000053d8d000 	/usr/lib/liblzma.5.dylib
0x0000000053d8d000 	/usr/lib/libnetwork.dylib
0x0000000053d8d000 	/usr/lib/libpcap.A.dylib
0x0000000053d8d000 	/System/Library/Frameworks/CoreServices.framework/Versions/A/Frameworks/FSEvents.framework/Versions/A/FSEvents
0x0000000053d8d000 	/System/Library/Frameworks/CoreServices.framework/Versions/A/Frameworks/CarbonCore.framework/Versions/A/CarbonCore
0x0000000053d8d000 	/System/Library/Frameworks/CoreServices.framework/Versions/A/Frameworks/Metadata.framework/Versions/A/Metadata
0x0000000053d8d000 	/System/Library/Frameworks/CoreServices.framework/Versions/A/Frameworks/OSServices.framework/Versions/A/OSServices
0x0000000053d8d000 	/System/Library/Frameworks/CoreServices.framework/Versions/A/Frameworks/SearchKit.framework/Versions/A/SearchKit
0x0000000053d8d000 	/System/Library/Frameworks/CoreServices.framework/Versions/A/Frameworks/AE.framework/Versions/A/AE
0x0000000053d8d000 	/System/Library/Frameworks/CoreServices.framework/Versions/A/Frameworks/LaunchServices.framework/Versions/A/LaunchServices
0x0000000053d8d000 	/System/Library/Frameworks/CoreServices.framework/Versions/A/Frameworks/DictionaryServices.framework/Versions/A/DictionaryServices
0x0000000053d8d000 	/System/Library/Frameworks/CoreServices.framework/Versions/A/Frameworks/SharedFileList.framework/Versions/A/SharedFileList
0x0000000053d8d000 	/System/Library/Frameworks/NetFS.framework/Versions/A/NetFS
0x0000000053d8d000 	/System/Library/PrivateFrameworks/NetAuth.framework/Versions/A/NetAuth
0x0000000053d8d000 	/System/Library/PrivateFrameworks/login.framework/Versions/A/Frameworks/loginsupport.framework/Versions/A/loginsupport
0x0000000053d8d000 	/System/Library/PrivateFrameworks/TCC.framework/Versions/A/TCC
0x0000000053d8d000 	/usr/lib/libmecabra.dylib
0x0000000053d8d000 	/System/Library/Frameworks/ApplicationServices.framework/Versions/A/Frameworks/ATS.framework/Versions/A/ATS
0x0000000053d8d000 	/System/Library/Frameworks/ApplicationServices.framework/Versions/A/Frameworks/ColorSync.framework/Versions/A/ColorSync
0x0000000053d8d000 	/System/Library/Frameworks/ApplicationServices.framework/Versions/A/Frameworks/HIServices.framework/Versions/A/HIServices
0x0000000053d8d000 	/System/Library/Frameworks/ApplicationServices.framework/Versions/A/Frameworks/LangAnalysis.framework/Versions/A/LangAnalysis
0x0000000053d8d000 	/System/Library/Frameworks/ApplicationServices.framework/Versions/A/Frameworks/PrintCore.framework/Versions/A/PrintCore
0x0000000053d8d000 	/System/Library/Frameworks/ApplicationServices.framework/Versions/A/Frameworks/QD.framework/Versions/A/QD
0x0000000053d8d000 	/System/Library/Frameworks/ApplicationServices.framework/Versions/A/Frameworks/SpeechSynthesis.framework/Versions/A/SpeechSynthesis
0x0000000053d8d000 	/System/Library/Frameworks/Accelerate.framework/Versions/A/Frameworks/vImage.framework/Versions/A/vImage
0x0000000053d8d000 	/System/Library/Frameworks/Accelerate.framework/Versions/A/Frameworks/vecLib.framework/Versions/A/vecLib
0x0000000053d8d000 	/System/Library/Frameworks/Accelerate.framework/Versions/A/Frameworks/vecLib.framework/Versions/A/libvDSP.dylib
0x0000000053d8d000 	/System/Library/Frameworks/Accelerate.framework/Versions/A/Frameworks/vecLib.framework/Versions/A/libBNNS.dylib
0x0000000053d8d000 	/System/Library/Frameworks/Accelerate.framework/Versions/A/Frameworks/vecLib.framework/Versions/A/libQuadrature.dylib
0x0000000053d8d000 	/System/Library/Frameworks/Accelerate.framework/Versions/A/Frameworks/vecLib.framework/Versions/A/libvMisc.dylib
0x0000000053d8d000 	/System/Library/Frameworks/Accelerate.framework/Versions/A/Frameworks/vecLib.framework/Versions/A/libLAPACK.dylib
0x0000000053d8d000 	/System/Library/Frameworks/Accelerate.framework/Versions/A/Frameworks/vecLib.framework/Versions/A/libBLAS.dylib
0x0000000053d8d000 	/System/Library/Frameworks/Accelerate.framework/Versions/A/Frameworks/vecLib.framework/Versions/A/libLinearAlgebra.dylib
0x0000000053d8d000 	/System/Library/Frameworks/Accelerate.framework/Versions/A/Frameworks/vecLib.framework/Versions/A/libSparseBLAS.dylib
0x0000000053d8d000 	/System/Library/Frameworks/ApplicationServices.framework/Versions/A/Frameworks/ATS.framework/Versions/A/Resources/libFontParser.dylib
0x0000000053d8d000 	/System/Library/Frameworks/ApplicationServices.framework/Versions/A/Frameworks/ATS.framework/Versions/A/Resources/libFontRegistry.dylib
0x0000000053d8d000 	/System/Library/Frameworks/ImageIO.framework/Versions/A/Resources/libJPEG.dylib
0x0000000053d8d000 	/System/Library/Frameworks/ImageIO.framework/Versions/A/Resources/libTIFF.dylib
0x0000000053d8d000 	/System/Library/Frameworks/ImageIO.framework/Versions/A/Resources/libPng.dylib
0x0000000053d8d000 	/System/Library/Frameworks/ImageIO.framework/Versions/A/Resources/libGIF.dylib
0x0000000053d8d000 	/System/Library/Frameworks/ImageIO.framework/Versions/A/Resources/libJP2.dylib
0x0000000053d8d000 	/System/Library/Frameworks/ImageIO.framework/Versions/A/Resources/libRadiance.dylib
0x0000000053d8d000 	/usr/lib/libcompression.dylib
0x0000000053d8d000 	/System/Library/PrivateFrameworks/AppleJPEG.framework/Versions/A/AppleJPEG
0x0000000053d8d000 	/usr/lib/libcups.2.dylib
0x0000000053d8d000 	/System/Library/Frameworks/Kerberos.framework/Versions/A/Kerberos
0x0000000053d8d000 	/System/Library/Frameworks/GSS.framework/Versions/A/GSS
0x0000000053d8d000 	/usr/lib/libresolv.9.dylib
0x0000000053d8d000 	/usr/lib/libiconv.2.dylib
0x0000000053d8d000 	/System/Library/PrivateFrameworks/Heimdal.framework/Versions/A/Heimdal
0x0000000053d8d000 	/usr/lib/libheimdal-asn1.dylib
0x0000000053d8d000 	/System/Library/Frameworks/OpenDirectory.framework/Versions/A/OpenDirectory
0x0000000053d8d000 	/System/Library/PrivateFrameworks/CommonAuth.framework/Versions/A/CommonAuth
0x0000000053d8d000 	/System/Library/Frameworks/OpenDirectory.framework/Versions/A/Frameworks/CFOpenDirectory.framework/Versions/A/CFOpenDirectory
0x0000000053d8d000 	/System/Library/Frameworks/SecurityFoundation.framework/Versions/A/SecurityFoundation
0x0000000053d8d000 	/System/Library/PrivateFrameworks/LanguageModeling.framework/Versions/A/LanguageModeling
0x0000000053d8d000 	/usr/lib/libmarisa.dylib
0x0000000053d8d000 	/usr/lib/libChineseTokenizer.dylib
0x0000000053d8d000 	/usr/lib/libcmph.dylib
0x0000000053d8d000 	/System/Library/PrivateFrameworks/CoreEmoji.framework/Versions/A/CoreEmoji
0x0000000053d8d000 	/System/Library/Frameworks/ServiceManagement.framework/Versions/A/ServiceManagement
0x0000000053d8d000 	/usr/lib/libxslt.1.dylib
0x0000000053d8d000 	/System/Library/Frameworks/Carbon.framework/Versions/A/Frameworks/Ink.framework/Versions/A/Ink
0x0000000053d8d000 	/System/Library/PrivateFrameworks/TextureIO.framework/Versions/A/TextureIO
0x0000000053d8d000 	/System/Library/Frameworks/Metal.framework/Versions/A/Metal
0x0000000053d8d000 	/usr/lib/libate.dylib
0x0000000053d8d000 	/System/Library/PrivateFrameworks/GPUCompiler.framework/libmetal_timestamp.dylib
0x0000000053d8d000 	/System/Library/Frameworks/OpenGL.framework/Versions/A/Libraries/libCoreFSCache.dylib
0x0000000053d8d000 	/System/Library/PrivateFrameworks/IOAccelerator.framework/Versions/A/IOAccelerator
0x0000000053d8d000 	/System/Library/Frameworks/CoreVideo.framework/Versions/A/CoreVideo
0x0000000053d8d000 	/usr/lib/libFosl_dynamic.dylib
0x0000000053d8d000 	/System/Library/PrivateFrameworks/MetalPerformanceShaders.framework/Versions/A/MetalPerformanceShaders
0x0000000053d8d000 	/System/Library/PrivateFrameworks/FaceCore.framework/Versions/A/FaceCore
0x0000000053d8d000 	/System/Library/Frameworks/OpenCL.framework/Versions/A/OpenCL
0x0000000053d8d000 	/System/Library/Frameworks/OpenGL.framework/Versions/A/Libraries/libGLU.dylib
0x0000000053d8d000 	/System/Library/Frameworks/OpenGL.framework/Versions/A/Libraries/libGFXShared.dylib
0x0000000053d8d000 	/System/Library/Frameworks/OpenGL.framework/Versions/A/Libraries/libGL.dylib
0x0000000053d8d000 	/System/Library/Frameworks/OpenGL.framework/Versions/A/Libraries/libGLImage.dylib
0x0000000053d8d000 	/System/Library/Frameworks/OpenGL.framework/Versions/A/Libraries/libCVMSPluginSupport.dylib
0x0000000053d8d000 	/System/Library/Frameworks/OpenGL.framework/Versions/A/Libraries/libCoreVMClient.dylib
0x0000000053d8d000 	/System/Library/PrivateFrameworks/CrashReporterSupport.framework/Versions/A/CrashReporterSupport
0x0000000053d8d000 	/System/Library/PrivateFrameworks/Sharing.framework/Versions/A/Sharing
0x0000000053d8d000 	/System/Library/PrivateFrameworks/IconServices.framework/Versions/A/IconServices
0x0000000053d8d000 	/System/Library/PrivateFrameworks/ProtocolBuffer.framework/Versions/A/ProtocolBuffer
0x0000000053d8d000 	/System/Library/PrivateFrameworks/Apple80211.framework/Versions/A/Apple80211
0x0000000053d8d000 	/System/Library/Frameworks/CoreWLAN.framework/Versions/A/CoreWLAN
0x0000000053d8d000 	/System/Library/PrivateFrameworks/CoreUtils.framework/Versions/A/CoreUtils
0x0000000053d8d000 	/System/Library/Frameworks/IOBluetooth.framework/Versions/A/IOBluetooth
0x0000000053d8d000 	/System/Library/PrivateFrameworks/CoreWiFi.framework/Versions/A/CoreWiFi
0x0000000053d8d000 	/System/Library/Frameworks/CoreBluetooth.framework/Versions/A/CoreBluetooth
0x0000000053d8d000 	/System/Library/Frameworks/CoreDisplay.framework/Versions/A/CoreDisplay
0x0000000053d8d000 	/System/Library/PrivateFrameworks/IOPresentment.framework/Versions/A/IOPresentment
0x0000000053d8d000 	/System/Library/PrivateFrameworks/DebugSymbols.framework/Versions/A/DebugSymbols
0x0000000053d8d000 	/System/Library/PrivateFrameworks/CoreSymbolication.framework/Versions/A/CoreSymbolication
0x0000000053d8d000 	/System/Library/PrivateFrameworks/Symbolication.framework/Versions/A/Symbolication
0x0000000053d8d000 	/System/Library/PrivateFrameworks/AppleFSCompression.framework/Versions/A/AppleFSCompression
0x0000000053d8d000 	/System/Library/PrivateFrameworks/SpeechRecognitionCore.framework/Versions/A/SpeechRecognitionCore
0x0000000053d8d000 	/System/Library/PrivateFrameworks/ChunkingLibrary.framework/Versions/A/ChunkingLibrary
0x000000010be00000 	/Library/Java/JavaVirtualMachines/jdk1.7.0_79.jdk/Contents/Home/jre/lib/server/libjvm.dylib
0x0000000053d8d000 	/usr/lib/libstdc++.6.dylib
0x000000010ac9a000 	/Library/Java/JavaVirtualMachines/jdk1.7.0_79.jdk/Contents/Home/jre/lib/libverify.dylib
0x000000010aca7000 	/Library/Java/JavaVirtualMachines/jdk1.7.0_79.jdk/Contents/Home/jre/lib/libjava.dylib
0x000000010acd8000 	/Library/Java/JavaVirtualMachines/jdk1.7.0_79.jdk/Contents/Home/jre/lib/libjdwp.dylib
0x000000010ad15000 	/Library/Java/JavaVirtualMachines/jdk1.7.0_79.jdk/Contents/Home/jre/lib/libnpt.dylib
0x000000010ad22000 	/Library/Java/JavaVirtualMachines/jdk1.7.0_79.jdk/Contents/Home/jre/lib/libzip.dylib
0x000000011b0e4000 	/System/Library/Frameworks/JavaVM.framework/Frameworks/JavaRuntimeSupport.framework/JavaRuntimeSupport
0x000000011b0fe000 	/System/Library/Frameworks/JavaVM.framework/Versions/A/Frameworks/JavaNativeFoundation.framework/Versions/A/JavaNativeFoundation
0x000000010adec000 	/System/Library/Frameworks/JavaVM.framework/Versions/A/JavaVM
0x0000000053d8d000 	/System/Library/Frameworks/Carbon.framework/Versions/A/Carbon
0x000000011b113000 	/System/Library/PrivateFrameworks/JavaLaunching.framework/Versions/A/JavaLaunching
0x0000000053d8d000 	/System/Library/Frameworks/Carbon.framework/Versions/A/Frameworks/CommonPanels.framework/Versions/A/CommonPanels
0x0000000053d8d000 	/System/Library/Frameworks/Carbon.framework/Versions/A/Frameworks/Help.framework/Versions/A/Help
0x0000000053d8d000 	/System/Library/Frameworks/Carbon.framework/Versions/A/Frameworks/ImageCapture.framework/Versions/A/ImageCapture
0x0000000053d8d000 	/System/Library/Frameworks/Carbon.framework/Versions/A/Frameworks/OpenScripting.framework/Versions/A/OpenScripting
0x0000000053d8d000 	/System/Library/Frameworks/Carbon.framework/Versions/A/Frameworks/Print.framework/Versions/A/Print
0x0000000053d8d000 	/System/Library/Frameworks/Carbon.framework/Versions/A/Frameworks/SecurityHI.framework/Versions/A/SecurityHI
0x000000011ca15000 	/Library/Java/JavaVirtualMachines/jdk1.7.0_79.jdk/Contents/Home/jre/lib/libdt_socket.dylib
0x000000011cbb9000 	/Library/Java/JavaVirtualMachines/jdk1.7.0_79.jdk/Contents/Home/jre/lib/libnio.dylib
0x000000011cbc8000 	/Library/Java/JavaVirtualMachines/jdk1.7.0_79.jdk/Contents/Home/jre/lib/./libnet.dylib

VM Arguments:
jvm_args: -agentlib:jdwp=transport=dt_socket,address=127.0.0.1:60396,suspend=y,server=n -Dfile.encoding=UTF-8 
java_command: it.miketech.FileUtil
Launcher Type: SUN_STANDARD

Environment Variables:
PATH=/Library/Frameworks/Python.framework/Versions/3.5/bin:/usr/local/bin:/usr/bin:/bin:/usr/sbin:/sbin:/usr/local/aria2/bin:/Users/apple/Library/Android/sdk/platform-tools:/Users/apple/Library/Android/sdk/tools
SHELL=/bin/bash

Signal Handlers:
SIGSEGV: [libjvm.dylib+0x52daf1], sa_mask[0]=0xfffefeff, sa_flags=0x00000043
SIGBUS: [libjvm.dylib+0x52daf1], sa_mask[0]=0xfffefeff, sa_flags=0x00000042
SIGFPE: [libjvm.dylib+0x41f34e], sa_mask[0]=0xfffefeff, sa_flags=0x00000042
SIGPIPE: [libjvm.dylib+0x41f34e], sa_mask[0]=0xfffefeff, sa_flags=0x00000042
SIGXFSZ: [libjvm.dylib+0x41f34e], sa_mask[0]=0xfffefeff, sa_flags=0x00000042
SIGILL: [libjvm.dylib+0x41f34e], sa_mask[0]=0xfffefeff, sa_flags=0x00000042
SIGUSR1: SIG_DFL, sa_mask[0]=0x00000000, sa_flags=0x00000000
SIGUSR2: [libjvm.dylib+0x41ee40], sa_mask[0]=0x00000004, sa_flags=0x00000042
SIGHUP: [libjvm.dylib+0x41d0d1], sa_mask[0]=0xfffefeff, sa_flags=0x00000042
SIGINT: [libjvm.dylib+0x41d0d1], sa_mask[0]=0xfffefeff, sa_flags=0x00000042
SIGTERM: [libjvm.dylib+0x41d0d1], sa_mask[0]=0xfffefeff, sa_flags=0x00000042
SIGQUIT: [libjvm.dylib+0x41d0d1], sa_mask[0]=0xfffefeff, sa_flags=0x00000042


---------------  S Y S T E M  ---------------

OS:Bsduname:Darwin 16.1.0 Darwin Kernel Version 16.1.0: Thu Oct 13 21:26:57 PDT 2016; root:xnu-3789.21.3~60/RELEASE_X86_64 x86_64
rlimit: STACK 8192k, CORE 0k, NPROC 709, NOFILE 10240, AS infinity
load average:3.20 3.08 2.79

CPU:total 8 (4 cores per cpu, 2 threads per core) family 6 model 70 stepping 1, cmov, cx8, fxsr, mmx, sse, sse2, sse3, ssse3, sse4.1, sse4.2, popcnt, avx, avx2, aes, erms, ht, tsc, tscinvbit

Memory: 4k page, physical 16777216k(4194304k free)

/proc/meminfo:


vm_info: Java HotSpot(TM) 64-Bit Server VM (24.79-b02) for bsd-amd64 JRE (1.7.0_79-b15), built on Apr 10 2015 11:35:04 by "java_re" with gcc 4.2.1 (Based on Apple Inc. build 5658) (LLVM build 2336.11.00)

time: Fri Dec  2 00:06:21 2016
elapsed time: 1257 seconds

