#
# A fatal error has been detected by the Java Runtime Environment:
#
#  SIGSEGV (0xb) at pc=0x00000001015387f4, pid=1993, tid=19203
#
# JRE version: Java(TM) SE Runtime Environment (7.0_79-b15) (build 1.7.0_79-b15)
# Java VM: Java HotSpot(TM) 64-Bit Server VM (24.79-b02 mixed mode bsd-amd64 compressed oops)
# Problematic frame:
# V  [libjvm.dylib+0x3387f4]
#
# Failed to write core dump. Core dumps have been disabled. To enable core dumping, try "ulimit -c unlimited" before starting Java again
#
# If you would like to submit a bug report, please visit:
#   http://bugreport.java.com/bugreport/crash.jsp
#

---------------  T H R E A D  ---------------

Current thread (0x00007fd243807000):  JavaThread "JDWP Transport Listener: dt_socket" daemon [_thread_in_vm, id=19203, stack(0x000070000ad74000,0x000070000ae74000)]

siginfo:si_signo=SIGSEGV: si_errno=0, si_code=0 (SEGV0), si_addr=0x0000000000000000

Registers:
RAX=0x0000000000000001, RBX=0x000070000ae73a8b, RCX=0x0000000000000000, RDX=0x000070000ae73a8b
RSP=0x000070000ae739f0, RBP=0x000070000ae73a40, RSI=0x00007fd243807000, RDI=0x00007fd241704170
R8 =0x0000000000000000, R9 =0x00007fd241714b30, R10=0x0000000000000001, R11=0x0000000000000001
R12=0x00007fd243807000, R13=0x1000000000000000, R14=0x1000000000000000, R15=0x00007fd241704170
RIP=0x00000001015387f4, EFLAGS=0x0000000000010206, ERR=0x0000000000000000
  TRAPNO=0x000000000000000d

Top of Stack: (sp=0x000070000ae739f0)
0x000070000ae739f0:   00007fd243807000 0000000000000000
0x000070000ae73a00:   0000000000000000 0000000000000000
0x000070000ae73a10:   00007fd243807000 00007fd243807000
0x000070000ae73a20:   000070000ae73a8b 000070000ae73a90
0x000070000ae73a30:   1000000000000000 0000000000000001
0x000070000ae73a40:   000070000ae73a60 000000010017a1a8
0x000070000ae73a50:   0000000000000001 000070000ae73b08
0x000070000ae73a60:   000070000ae73ad0 000000010015efbb
0x000070000ae73a70:   000070000ae73aa0 00007fd241715ce0
0x000070000ae73a80:   0000000300000032 0000000100e73b08
0x000070000ae73a90:   0000000000000000 0000000000000000
0x000070000ae73aa0:   0000000000000000 000070000ae73c90
0x000070000ae73ab0:   0000000100181dc2 00007fd241715450
0x000070000ae73ac0:   000070000ae73b08 000000010018d588
0x000070000ae73ad0:   000070000ae73ae0 000000010015f0b4
0x000070000ae73ae0:   000070000ae73d00 0000000100168642
0x000070000ae73af0:   00000bc300000013 00000000000f0200
0x000070000ae73b00:   00007fd241715470 000070000ae73b7d
0x000070000ae73b10:   00007fd200000107 000070000ae73b20
0x000070000ae73b20:   00007fd200000025 000070000ae73b58
0x000070000ae73b30:   0000000000000000 0000000000000000
0x000070000ae73b40:   00000bc30000000f 00007fd200007980
0x000070000ae73b50:   000070000ae73b58 d27f000003000000
0x000070000ae73b60:   0600000000f31043 00003e74696e693c
0x000070000ae73b70:   0000005629280300 0000000100000000
0x000070000ae73b80:   0a0000cc000000d5 88c71043d27f0000
0x000070000ae73b90:   696e693c06000000 4c28150000003e74
0x000070000ae73ba0:   6e616c2f6176616a 676e697274532f67
0x000070000ae73bb0:   000000000056293b 43d27f0000010000
0x000070000ae73bc0:   3c0600000080c710 0000003e74696e69
0x000070000ae73bd0:   2f6176616a4c2811 3b656c69462f6f69
0x000070000ae73be0:   0000000000005629 1043d27f00000100 

Instructions: (pc=0x00000001015387f4)
0x00000001015387d4:   00 00 00 41 f6 87 68 01 00 00 10 75 07 b8 63 00
0x00000001015387e4:   00 00 eb 7a 4d 85 f6 75 07 b8 17 00 00 00 eb 6e
0x00000001015387f4:   4d 8b 36 48 b8 fe fe fe fe fe fe fe fe 49 39 c6
0x0000000101538804:   74 e7 4d 85 f6 74 e2 48 8d 05 fe 6b 4d 00 80 38 

Register to memory mapping:

RAX=0x0000000000000001 is an unknown value
RBX=0x000070000ae73a8b is pointing into the stack for thread: 0x00007fd243807000
RCX=0x0000000000000000 is an unknown value
RDX=0x000070000ae73a8b is pointing into the stack for thread: 0x00007fd243807000
RSP=0x000070000ae739f0 is pointing into the stack for thread: 0x00007fd243807000
RBP=0x000070000ae73a40 is pointing into the stack for thread: 0x00007fd243807000
RSI=0x00007fd243807000 is a thread
RDI=0x00007fd241704170 is an unknown value
R8 =0x0000000000000000 is an unknown value
R9 =0x00007fd241714b30 is an unknown value
R10=0x0000000000000001 is an unknown value
R11=0x0000000000000001 is an unknown value
R12=0x00007fd243807000 is a thread
R13=0x1000000000000000 is an unknown value
R14=0x1000000000000000 is an unknown value
R15=0x00007fd241704170 is an unknown value


Stack: [0x000070000ad74000,0x000070000ae74000],  sp=0x000070000ae739f0,  free space=1022k
Native frames: (J=compiled Java code, j=interpreted, Vv=VM code, C=native code)
V  [libjvm.dylib+0x3387f4]
C  [libjdwp.dylib+0x201a8]  isMethodSynthetic+0x63
C  [libjdwp.dylib+0x4fbb]  methods1+0x10b
C  [libjdwp.dylib+0x50b4]  methodsWithGeneric+0xe
C  [libjdwp.dylib+0xe642]  debugLoop_run+0x1ce
C  [libjdwp.dylib+0x1f0e2]  attachThread+0x4d
V  [libjvm.dylib+0x37945a]
V  [libjvm.dylib+0x4f759d]
V  [libjvm.dylib+0x4f8ca5]
V  [libjvm.dylib+0x421c4e]
C  [libsystem_pthread.dylib+0x3aab]  _pthread_body+0xb4
C  [libsystem_pthread.dylib+0x39f7]  _pthread_body+0x0
C  [libsystem_pthread.dylib+0x3221]  thread_start+0xd


---------------  P R O C E S S  ---------------

Java Threads: ( => current thread )
  0x00007fd241807000 JavaThread "Service Thread" daemon [_thread_blocked, id=21763, stack(0x000070000b283000,0x000070000b383000)]
  0x00007fd245008800 JavaThread "C2 CompilerThread1" daemon [_thread_blocked, id=21251, stack(0x000070000b180000,0x000070000b280000)]
  0x00007fd244800800 JavaThread "C2 CompilerThread0" daemon [_thread_blocked, id=20739, stack(0x000070000b07d000,0x000070000b17d000)]
  0x00007fd245006000 JavaThread "JDWP Command Reader" daemon [_thread_in_native, id=20227, stack(0x000070000af7a000,0x000070000b07a000)]
  0x00007fd243808000 JavaThread "JDWP Event Helper Thread" daemon [_thread_blocked, id=19715, stack(0x000070000ae77000,0x000070000af77000)]
=>0x00007fd243807000 JavaThread "JDWP Transport Listener: dt_socket" daemon [_thread_in_vm, id=19203, stack(0x000070000ad74000,0x000070000ae74000)]
  0x00007fd241800000 JavaThread "Signal Dispatcher" daemon [_thread_blocked, id=18691, stack(0x000070000ac71000,0x000070000ad71000)]
  0x00007fd244821800 JavaThread "Finalizer" daemon [_thread_blocked, id=14595, stack(0x000070000ab6e000,0x000070000ac6e000)]
  0x00007fd244820800 JavaThread "Reference Handler" daemon [_thread_blocked, id=14083, stack(0x000070000aa6b000,0x000070000ab6b000)]
  0x00007fd242001000 JavaThread "main" [_thread_blocked, id=7171, stack(0x000070000a04d000,0x000070000a14d000)]

Other Threads:
  0x00007fd24481e000 VMThread [stack: 0x000070000a968000,0x000070000aa68000] [id=13571]
  0x00007fd242000000 WatcherThread [stack: 0x000070000b386000,0x000070000b486000] [id=22275]

VM state:not at safepoint (normal execution)

VM Mutex/Monitor currently owned by a thread: None

Heap
 PSYoungGen      total 76800K, used 3963K [0x00000007aaa80000, 0x00000007b0000000, 0x0000000800000000)
  eden space 66048K, 6% used [0x00000007aaa80000,0x00000007aae5ec80,0x00000007aeb00000)
  from space 10752K, 0% used [0x00000007af580000,0x00000007af580000,0x00000007b0000000)
  to   space 10752K, 0% used [0x00000007aeb00000,0x00000007aeb00000,0x00000007af580000)
 ParOldGen       total 174592K, used 0K [0x0000000700000000, 0x000000070aa80000, 0x00000007aaa80000)
  object space 174592K, 0% used [0x0000000700000000,0x0000000700000000,0x000000070aa80000)
 PSPermGen       total 21504K, used 2673K [0x00000006fae00000, 0x00000006fc300000, 0x0000000700000000)
  object space 21504K, 12% used [0x00000006fae00000,0x00000006fb09c540,0x00000006fc300000)

Card table byte_map: [0x0000000104d23000,0x000000010554d000] byte_map_base: 0x000000010154c000

Polling page: 0x0000000100159000

Code Cache  [0x0000000101c63000, 0x0000000101ed3000, 0x0000000104c63000)
 total_blobs=182 nmethods=9 adapters=136 free_code_cache=48763Kb largest_free_block=49914304

Compilation events (10 events):
Event: 0.076 Thread 0x00007fd244800800    3             sun.nio.cs.UTF_8$Encoder::encode (361 bytes)
Event: 0.077 Thread 0x00007fd245008800    4             java.lang.String::charAt (29 bytes)
Event: 0.078 Thread 0x00007fd245008800 nmethod 4 0x0000000101cc2710 code [0x0000000101cc2860, 0x0000000101cc2958]
Event: 0.087 Thread 0x00007fd244800800 nmethod 3 0x0000000101cc4e90 code [0x0000000101cc5020, 0x0000000101cc5708]
Event: 0.120 Thread 0x00007fd245008800    5             sun.misc.IoTrace::fileReadBegin (2 bytes)
Event: 0.120 Thread 0x00007fd244800800    6             sun.misc.IoTrace::fileReadEnd (1 bytes)
Event: 0.120 Thread 0x00007fd244800800 nmethod 6 0x0000000101cc4950 code [0x0000000101cc4a80, 0x0000000101cc4ab8]
Event: 0.120 Thread 0x00007fd244800800    8   !         java.io.FileInputStream::read (51 bytes)
Event: 0.120 Thread 0x00007fd245008800 nmethod 5 0x0000000101cc6050 code [0x0000000101cc6180, 0x0000000101cc61b8]
Event: 0.120 Thread 0x00007fd244800800 nmethod 8 0x0000000101cc5d90 code [0x0000000101cc5ee0, 0x0000000101cc5f88]

GC Heap History (0 events):
No events

Deoptimization events (0 events):
No events

Internal exceptions (2 events):
Event: 0.030 Thread 0x00007fd242001000 Threw 0x00000007aaa8f240 at /HUDSON/workspace/7u-2-build-macosx-x86_64/jdk7u79/2331/hotspot/src/share/vm/prims/jni.cpp:3991
Event: 0.071 Thread 0x00007fd242001000 Threw 0x00000007aaaec290 at /HUDSON/workspace/7u-2-build-macosx-x86_64/jdk7u79/2331/hotspot/src/share/vm/prims/jvm.cpp:1304

Events (10 events):
Event: 3.079 Executing VM operation: ForceSafepoint
Event: 3.079 Executing VM operation: ForceSafepoint done
Event: 4.100 Executing VM operation: EnableBiasedLocking
Event: 4.100 Executing VM operation: EnableBiasedLocking done
Event: 145.627 Executing VM operation: ChangeBreakpoints
Event: 145.627 Executing VM operation: ChangeBreakpoints done
Event: 145.628 Executing VM operation: RedefineClasses
Event: 145.628 Executing VM operation: RedefineClasses done
Event: 155.991 Executing VM operation: RedefineClasses
Event: 155.991 Executing VM operation: RedefineClasses done


Dynamic libraries:
0x0000000053d8d000 	/System/Library/Frameworks/Cocoa.framework/Versions/A/Cocoa
0x0000000053d8d000 	/System/Library/Frameworks/Security.framework/Versions/A/Security
0x0000000053d8d000 	/System/Library/Frameworks/ApplicationServices.framework/Versions/A/ApplicationServices
0x0000000053d8d000 	/usr/lib/libz.1.dylib
0x0000000053d8d000 	/usr/lib/libSystem.B.dylib
0x0000000053d8d000 	/usr/lib/libobjc.A.dylib
0x0000000053d8d000 	/System/Library/Frameworks/CoreFoundation.framework/Versions/A/CoreFoundation
0x0000000053d8d000 	/System/Library/Frameworks/Foundation.framework/Versions/C/Foundation
0x0000000053d8d000 	/System/Library/Frameworks/AppKit.framework/Versions/C/AppKit
0x0000000053d8d000 	/System/Library/Frameworks/CoreData.framework/Versions/A/CoreData
0x0000000053d8d000 	/System/Library/PrivateFrameworks/RemoteViewServices.framework/Versions/A/RemoteViewServices
0x0000000053d8d000 	/System/Library/PrivateFrameworks/UIFoundation.framework/Versions/A/UIFoundation
0x0000000053d8d000 	/usr/lib/libenergytrace.dylib
0x0000000053d8d000 	/System/Library/PrivateFrameworks/SkyLight.framework/Versions/A/SkyLight
0x0000000053d8d000 	/System/Library/Frameworks/CoreGraphics.framework/Versions/A/CoreGraphics
0x0000000053d8d000 	/usr/lib/libScreenReader.dylib
0x0000000053d8d000 	/System/Library/Frameworks/Accelerate.framework/Versions/A/Accelerate
0x0000000053d8d000 	/System/Library/Frameworks/IOSurface.framework/Versions/A/IOSurface
0x0000000053d8d000 	/System/Library/Frameworks/AudioToolbox.framework/Versions/A/AudioToolbox
0x0000000053d8d000 	/System/Library/Frameworks/AudioUnit.framework/Versions/A/AudioUnit
0x0000000053d8d000 	/System/Library/PrivateFrameworks/DataDetectorsCore.framework/Versions/A/DataDetectorsCore
0x0000000053d8d000 	/System/Library/PrivateFrameworks/DesktopServicesPriv.framework/Versions/A/DesktopServicesPriv
0x0000000053d8d000 	/System/Library/Frameworks/Carbon.framework/Versions/A/Frameworks/HIToolbox.framework/Versions/A/HIToolbox
0x0000000053d8d000 	/usr/lib/libicucore.A.dylib
0x0000000053d8d000 	/System/Library/Frameworks/QuartzCore.framework/Versions/A/QuartzCore
0x0000000053d8d000 	/System/Library/Frameworks/Carbon.framework/Versions/A/Frameworks/SpeechRecognition.framework/Versions/A/SpeechRecognition
0x0000000053d8d000 	/usr/lib/libauto.dylib
0x0000000053d8d000 	/usr/lib/libxml2.2.dylib
0x0000000053d8d000 	/System/Library/PrivateFrameworks/CoreUI.framework/Versions/A/CoreUI
0x0000000053d8d000 	/System/Library/Frameworks/CoreAudio.framework/Versions/A/CoreAudio
0x0000000053d8d000 	/System/Library/Frameworks/DiskArbitration.framework/Versions/A/DiskArbitration
0x0000000053d8d000 	/usr/lib/liblangid.dylib
0x0000000053d8d000 	/System/Library/PrivateFrameworks/MultitouchSupport.framework/Versions/A/MultitouchSupport
0x0000000053d8d000 	/System/Library/Frameworks/IOKit.framework/Versions/A/IOKit
0x0000000053d8d000 	/usr/lib/libDiagnosticMessagesClient.dylib
0x0000000053d8d000 	/System/Library/Frameworks/CoreServices.framework/Versions/A/CoreServices
0x0000000053d8d000 	/System/Library/PrivateFrameworks/PerformanceAnalysis.framework/Versions/A/PerformanceAnalysis
0x0000000053d8d000 	/System/Library/PrivateFrameworks/GenerationalStorage.framework/Versions/A/GenerationalStorage
0x0000000053d8d000 	/System/Library/Frameworks/OpenGL.framework/Versions/A/OpenGL
0x0000000053d8d000 	/System/Library/Frameworks/CoreImage.framework/Versions/A/CoreImage
0x0000000053d8d000 	/System/Library/Frameworks/CoreText.framework/Versions/A/CoreText
0x0000000053d8d000 	/System/Library/Frameworks/ImageIO.framework/Versions/A/ImageIO
0x0000000053d8d000 	/System/Library/PrivateFrameworks/Backup.framework/Versions/A/Backup
0x0000000053d8d000 	/usr/lib/libarchive.2.dylib
0x0000000053d8d000 	/System/Library/Frameworks/CFNetwork.framework/Versions/A/CFNetwork
0x0000000053d8d000 	/System/Library/Frameworks/SystemConfiguration.framework/Versions/A/SystemConfiguration
0x0000000053d8d000 	/usr/lib/libCRFSuite.dylib
0x0000000053d8d000 	/usr/lib/libc++.1.dylib
0x0000000053d8d000 	/usr/lib/libc++abi.dylib
0x0000000053d8d000 	/usr/lib/system/libcache.dylib
0x0000000053d8d000 	/usr/lib/system/libcommonCrypto.dylib
0x0000000053d8d000 	/usr/lib/system/libcompiler_rt.dylib
0x0000000053d8d000 	/usr/lib/system/libcopyfile.dylib
0x0000000053d8d000 	/usr/lib/system/libcorecrypto.dylib
0x0000000053d8d000 	/usr/lib/system/libdispatch.dylib
0x0000000053d8d000 	/usr/lib/system/libdyld.dylib
0x0000000053d8d000 	/usr/lib/system/libkeymgr.dylib
0x0000000053d8d000 	/usr/lib/system/liblaunch.dylib
0x0000000053d8d000 	/usr/lib/system/libmacho.dylib
0x0000000053d8d000 	/usr/lib/system/libquarantine.dylib
0x0000000053d8d000 	/usr/lib/system/libremovefile.dylib
0x0000000053d8d000 	/usr/lib/system/libsystem_asl.dylib
0x0000000053d8d000 	/usr/lib/system/libsystem_blocks.dylib
0x0000000053d8d000 	/usr/lib/system/libsystem_c.dylib
0x0000000053d8d000 	/usr/lib/system/libsystem_configuration.dylib
0x0000000053d8d000 	/usr/lib/system/libsystem_coreservices.dylib
0x0000000053d8d000 	/usr/lib/system/libsystem_coretls.dylib
0x0000000053d8d000 	/usr/lib/system/libsystem_dnssd.dylib
0x0000000053d8d000 	/usr/lib/system/libsystem_info.dylib
0x0000000053d8d000 	/usr/lib/system/libsystem_kernel.dylib
0x0000000053d8d000 	/usr/lib/system/libsystem_m.dylib
0x0000000053d8d000 	/usr/lib/system/libsystem_malloc.dylib
0x0000000053d8d000 	/usr/lib/system/libsystem_network.dylib
0x0000000053d8d000 	/usr/lib/system/libsystem_networkextension.dylib
0x0000000053d8d000 	/usr/lib/system/libsystem_notify.dylib
0x0000000053d8d000 	/usr/lib/system/libsystem_platform.dylib
0x0000000053d8d000 	/usr/lib/system/libsystem_pthread.dylib
0x0000000053d8d000 	/usr/lib/system/libsystem_sandbox.dylib
0x0000000053d8d000 	/usr/lib/system/libsystem_secinit.dylib
0x0000000053d8d000 	/usr/lib/system/libsystem_symptoms.dylib
0x0000000053d8d000 	/usr/lib/system/libsystem_trace.dylib
0x0000000053d8d000 	/usr/lib/system/libunwind.dylib
0x0000000053d8d000 	/usr/lib/system/libxpc.dylib
0x0000000053d8d000 	/usr/lib/libbsm.0.dylib
0x0000000053d8d000 	/usr/lib/system/libkxld.dylib
0x0000000053d8d000 	/usr/lib/libcoretls.dylib
0x0000000053d8d000 	/usr/lib/libcoretls_cfhelpers.dylib
0x0000000053d8d000 	/usr/lib/libxar.1.dylib
0x0000000053d8d000 	/usr/lib/libsqlite3.dylib
0x0000000053d8d000 	/usr/lib/libpam.2.dylib
0x0000000053d8d000 	/usr/lib/libOpenScriptingUtil.dylib
0x0000000053d8d000 	/usr/lib/libbz2.1.0.dylib
0x0000000053d8d000 	/usr/lib/liblzma.5.dylib
0x0000000053d8d000 	/usr/lib/libnetwork.dylib
0x0000000053d8d000 	/usr/lib/libpcap.A.dylib
0x0000000053d8d000 	/System/Library/Frameworks/CoreServices.framework/Versions/A/Frameworks/FSEvents.framework/Versions/A/FSEvents
0x0000000053d8d000 	/System/Library/Frameworks/CoreServices.framework/Versions/A/Frameworks/CarbonCore.framework/Versions/A/CarbonCore
0x0000000053d8d000 	/System/Library/Frameworks/CoreServices.framework/Versions/A/Frameworks/Metadata.framework/Versions/A/Metadata
0x0000000053d8d000 	/System/Library/Frameworks/CoreServices.framework/Versions/A/Frameworks/OSServices.framework/Versions/A/OSServices
0x0000000053d8d000 	/System/Library/Frameworks/CoreServices.framework/Versions/A/Frameworks/SearchKit.framework/Versions/A/SearchKit
0x0000000053d8d000 	/System/Library/Frameworks/CoreServices.framework/Versions/A/Frameworks/AE.framework/Versions/A/AE
0x0000000053d8d000 	/System/Library/Frameworks/CoreServices.framework/Versions/A/Frameworks/LaunchServices.framework/Versions/A/LaunchServices
0x0000000053d8d000 	/System/Library/Frameworks/CoreServices.framework/Versions/A/Frameworks/DictionaryServices.framework/Versions/A/DictionaryServices
0x0000000053d8d000 	/System/Library/Frameworks/CoreServices.framework/Versions/A/Frameworks/SharedFileList.framework/Versions/A/SharedFileList
0x0000000053d8d000 	/System/Library/Frameworks/NetFS.framework/Versions/A/NetFS
0x0000000053d8d000 	/System/Library/PrivateFrameworks/NetAuth.framework/Versions/A/NetAuth
0x0000000053d8d000 	/System/Library/PrivateFrameworks/login.framework/Versions/A/Frameworks/loginsupport.framework/Versions/A/loginsupport
0x0000000053d8d000 	/System/Library/PrivateFrameworks/TCC.framework/Versions/A/TCC
0x0000000053d8d000 	/usr/lib/libmecabra.dylib
0x0000000053d8d000 	/System/Library/Frameworks/ApplicationServices.framework/Versions/A/Frameworks/ATS.framework/Versions/A/ATS
0x0000000053d8d000 	/System/Library/Frameworks/ApplicationServices.framework/Versions/A/Frameworks/ColorSync.framework/Versions/A/ColorSync
0x0000000053d8d000 	/System/Library/Frameworks/ApplicationServices.framework/Versions/A/Frameworks/HIServices.framework/Versions/A/HIServices
0x0000000053d8d000 	/System/Library/Frameworks/ApplicationServices.framework/Versions/A/Frameworks/LangAnalysis.framework/Versions/A/LangAnalysis
0x0000000053d8d000 	/System/Library/Frameworks/ApplicationServices.framework/Versions/A/Frameworks/PrintCore.framework/Versions/A/PrintCore
0x0000000053d8d000 	/System/Library/Frameworks/ApplicationServices.framework/Versions/A/Frameworks/QD.framework/Versions/A/QD
0x0000000053d8d000 	/System/Library/Frameworks/ApplicationServices.framework/Versions/A/Frameworks/SpeechSynthesis.framework/Versions/A/SpeechSynthesis
0x0000000053d8d000 	/System/Library/Frameworks/Accelerate.framework/Versions/A/Frameworks/vImage.framework/Versions/A/vImage
0x0000000053d8d000 	/System/Library/Frameworks/Accelerate.framework/Versions/A/Frameworks/vecLib.framework/Versions/A/vecLib
0x0000000053d8d000 	/System/Library/Frameworks/Accelerate.framework/Versions/A/Frameworks/vecLib.framework/Versions/A/libvDSP.dylib
0x0000000053d8d000 	/System/Library/Frameworks/Accelerate.framework/Versions/A/Frameworks/vecLib.framework/Versions/A/libBNNS.dylib
0x0000000053d8d000 	/System/Library/Frameworks/Accelerate.framework/Versions/A/Frameworks/vecLib.framework/Versions/A/libQuadrature.dylib
0x0000000053d8d000 	/System/Library/Frameworks/Accelerate.framework/Versions/A/Frameworks/vecLib.framework/Versions/A/libvMisc.dylib
0x0000000053d8d000 	/System/Library/Frameworks/Accelerate.framework/Versions/A/Frameworks/vecLib.framework/Versions/A/libLAPACK.dylib
0x0000000053d8d000 	/System/Library/Frameworks/Accelerate.framework/Versions/A/Frameworks/vecLib.framework/Versions/A/libBLAS.dylib
0x0000000053d8d000 	/System/Library/Frameworks/Accelerate.framework/Versions/A/Frameworks/vecLib.framework/Versions/A/libLinearAlgebra.dylib
0x0000000053d8d000 	/System/Library/Frameworks/Accelerate.framework/Versions/A/Frameworks/vecLib.framework/Versions/A/libSparseBLAS.dylib
0x0000000053d8d000 	/System/Library/Frameworks/ApplicationServices.framework/Versions/A/Frameworks/ATS.framework/Versions/A/Resources/libFontParser.dylib
0x0000000053d8d000 	/System/Library/Frameworks/ApplicationServices.framework/Versions/A/Frameworks/ATS.framework/Versions/A/Resources/libFontRegistry.dylib
0x0000000053d8d000 	/System/Library/Frameworks/ImageIO.framework/Versions/A/Resources/libJPEG.dylib
0x0000000053d8d000 	/System/Library/Frameworks/ImageIO.framework/Versions/A/Resources/libTIFF.dylib
0x0000000053d8d000 	/System/Library/Frameworks/ImageIO.framework/Versions/A/Resources/libPng.dylib
0x0000000053d8d000 	/System/Library/Frameworks/ImageIO.framework/Versions/A/Resources/libGIF.dylib
0x0000000053d8d000 	/System/Library/Frameworks/ImageIO.framework/Versions/A/Resources/libJP2.dylib
0x0000000053d8d000 	/System/Library/Frameworks/ImageIO.framework/Versions/A/Resources/libRadiance.dylib
0x0000000053d8d000 	/usr/lib/libcompression.dylib
0x0000000053d8d000 	/System/Library/PrivateFrameworks/AppleJPEG.framework/Versions/A/AppleJPEG
0x0000000053d8d000 	/usr/lib/libcups.2.dylib
0x0000000053d8d000 	/System/Library/Frameworks/Kerberos.framework/Versions/A/Kerberos
0x0000000053d8d000 	/System/Library/Frameworks/GSS.framework/Versions/A/GSS
0x0000000053d8d000 	/usr/lib/libresolv.9.dylib
0x0000000053d8d000 	/usr/lib/libiconv.2.dylib
0x0000000053d8d000 	/System/Library/PrivateFrameworks/Heimdal.framework/Versions/A/Heimdal
0x0000000053d8d000 	/usr/lib/libheimdal-asn1.dylib
0x0000000053d8d000 	/System/Library/Frameworks/OpenDirectory.framework/Versions/A/OpenDirectory
0x0000000053d8d000 	/System/Library/PrivateFrameworks/CommonAuth.framework/Versions/A/CommonAuth
0x0000000053d8d000 	/System/Library/Frameworks/OpenDirectory.framework/Versions/A/Frameworks/CFOpenDirectory.framework/Versions/A/CFOpenDirectory
0x0000000053d8d000 	/System/Library/Frameworks/SecurityFoundation.framework/Versions/A/SecurityFoundation
0x0000000053d8d000 	/System/Library/PrivateFrameworks/LanguageModeling.framework/Versions/A/LanguageModeling
0x0000000053d8d000 	/usr/lib/libmarisa.dylib
0x0000000053d8d000 	/usr/lib/libChineseTokenizer.dylib
0x0000000053d8d000 	/usr/lib/libcmph.dylib
0x0000000053d8d000 	/System/Library/PrivateFrameworks/CoreEmoji.framework/Versions/A/CoreEmoji
0x0000000053d8d000 	/System/Library/Frameworks/ServiceManagement.framework/Versions/A/ServiceManagement
0x0000000053d8d000 	/usr/lib/libxslt.1.dylib
0x0000000053d8d000 	/System/Library/Frameworks/Carbon.framework/Versions/A/Frameworks/Ink.framework/Versions/A/Ink
0x0000000053d8d000 	/System/Library/PrivateFrameworks/TextureIO.framework/Versions/A/TextureIO
0x0000000053d8d000 	/System/Library/Frameworks/Metal.framework/Versions/A/Metal
0x0000000053d8d000 	/usr/lib/libate.dylib
0x0000000053d8d000 	/System/Library/PrivateFrameworks/GPUCompiler.framework/libmetal_timestamp.dylib
0x0000000053d8d000 	/System/Library/Frameworks/OpenGL.framework/Versions/A/Libraries/libCoreFSCache.dylib
0x0000000053d8d000 	/System/Library/PrivateFrameworks/IOAccelerator.framework/Versions/A/IOAccelerator
0x0000000053d8d000 	/System/Library/Frameworks/CoreVideo.framework/Versions/A/CoreVideo
0x0000000053d8d000 	/usr/lib/libFosl_dynamic.dylib
0x0000000053d8d000 	/System/Library/PrivateFrameworks/MetalPerformanceShaders.framework/Versions/A/MetalPerformanceShaders
0x0000000053d8d000 	/System/Library/PrivateFrameworks/FaceCore.framework/Versions/A/FaceCore
0x0000000053d8d000 	/System/Library/Frameworks/OpenCL.framework/Versions/A/OpenCL
0x0000000053d8d000 	/System/Library/Frameworks/OpenGL.framework/Versions/A/Libraries/libGLU.dylib
0x0000000053d8d000 	/System/Library/Frameworks/OpenGL.framework/Versions/A/Libraries/libGFXShared.dylib
0x0000000053d8d000 	/System/Library/Frameworks/OpenGL.framework/Versions/A/Libraries/libGL.dylib
0x0000000053d8d000 	/System/Library/Frameworks/OpenGL.framework/Versions/A/Libraries/libGLImage.dylib
0x0000000053d8d000 	/System/Library/Frameworks/OpenGL.framework/Versions/A/Libraries/libCVMSPluginSupport.dylib
0x0000000053d8d000 	/System/Library/Frameworks/OpenGL.framework/Versions/A/Libraries/libCoreVMClient.dylib
0x0000000053d8d000 	/System/Library/PrivateFrameworks/CrashReporterSupport.framework/Versions/A/CrashReporterSupport
0x0000000053d8d000 	/System/Library/PrivateFrameworks/Sharing.framework/Versions/A/Sharing
0x0000000053d8d000 	/System/Library/PrivateFrameworks/IconServices.framework/Versions/A/IconServices
0x0000000053d8d000 	/System/Library/PrivateFrameworks/ProtocolBuffer.framework/Versions/A/ProtocolBuffer
0x0000000053d8d000 	/System/Library/PrivateFrameworks/Apple80211.framework/Versions/A/Apple80211
0x0000000053d8d000 	/System/Library/Frameworks/CoreWLAN.framework/Versions/A/CoreWLAN
0x0000000053d8d000 	/System/Library/PrivateFrameworks/CoreUtils.framework/Versions/A/CoreUtils
0x0000000053d8d000 	/System/Library/Frameworks/IOBluetooth.framework/Versions/A/IOBluetooth
0x0000000053d8d000 	/System/Library/PrivateFrameworks/CoreWiFi.framework/Versions/A/CoreWiFi
0x0000000053d8d000 	/System/Library/Frameworks/CoreBluetooth.framework/Versions/A/CoreBluetooth
0x0000000053d8d000 	/System/Library/Frameworks/CoreDisplay.framework/Versions/A/CoreDisplay
0x0000000053d8d000 	/System/Library/PrivateFrameworks/IOPresentment.framework/Versions/A/IOPresentment
0x0000000053d8d000 	/System/Library/PrivateFrameworks/DebugSymbols.framework/Versions/A/DebugSymbols
0x0000000053d8d000 	/System/Library/PrivateFrameworks/CoreSymbolication.framework/Versions/A/CoreSymbolication
0x0000000053d8d000 	/System/Library/PrivateFrameworks/Symbolication.framework/Versions/A/Symbolication
0x0000000053d8d000 	/System/Library/PrivateFrameworks/AppleFSCompression.framework/Versions/A/AppleFSCompression
0x0000000053d8d000 	/System/Library/PrivateFrameworks/SpeechRecognitionCore.framework/Versions/A/SpeechRecognitionCore
0x0000000053d8d000 	/System/Library/PrivateFrameworks/ChunkingLibrary.framework/Versions/A/ChunkingLibrary
0x0000000101200000 	/Library/Java/JavaVirtualMachines/jdk1.7.0_79.jdk/Contents/Home/jre/lib/server/libjvm.dylib
0x0000000053d8d000 	/usr/lib/libstdc++.6.dylib
0x000000010011c000 	/Library/Java/JavaVirtualMachines/jdk1.7.0_79.jdk/Contents/Home/jre/lib/libverify.dylib
0x0000000100129000 	/Library/Java/JavaVirtualMachines/jdk1.7.0_79.jdk/Contents/Home/jre/lib/libjava.dylib
0x000000010015a000 	/Library/Java/JavaVirtualMachines/jdk1.7.0_79.jdk/Contents/Home/jre/lib/libjdwp.dylib
0x0000000100197000 	/Library/Java/JavaVirtualMachines/jdk1.7.0_79.jdk/Contents/Home/jre/lib/libnpt.dylib
0x00000001001a4000 	/Library/Java/JavaVirtualMachines/jdk1.7.0_79.jdk/Contents/Home/jre/lib/libzip.dylib
0x0000000110552000 	/System/Library/Frameworks/JavaVM.framework/Frameworks/JavaRuntimeSupport.framework/JavaRuntimeSupport
0x000000011056c000 	/System/Library/Frameworks/JavaVM.framework/Versions/A/Frameworks/JavaNativeFoundation.framework/Versions/A/JavaNativeFoundation
0x0000000110581000 	/System/Library/Frameworks/JavaVM.framework/Versions/A/JavaVM
0x0000000053d8d000 	/System/Library/Frameworks/Carbon.framework/Versions/A/Carbon
0x000000011058e000 	/System/Library/PrivateFrameworks/JavaLaunching.framework/Versions/A/JavaLaunching
0x0000000053d8d000 	/System/Library/Frameworks/Carbon.framework/Versions/A/Frameworks/CommonPanels.framework/Versions/A/CommonPanels
0x0000000053d8d000 	/System/Library/Frameworks/Carbon.framework/Versions/A/Frameworks/Help.framework/Versions/A/Help
0x0000000053d8d000 	/System/Library/Frameworks/Carbon.framework/Versions/A/Frameworks/ImageCapture.framework/Versions/A/ImageCapture
0x0000000053d8d000 	/System/Library/Frameworks/Carbon.framework/Versions/A/Frameworks/OpenScripting.framework/Versions/A/OpenScripting
0x0000000053d8d000 	/System/Library/Frameworks/Carbon.framework/Versions/A/Frameworks/Print.framework/Versions/A/Print
0x0000000053d8d000 	/System/Library/Frameworks/Carbon.framework/Versions/A/Frameworks/SecurityHI.framework/Versions/A/SecurityHI
0x0000000111e94000 	/Library/Java/JavaVirtualMachines/jdk1.7.0_79.jdk/Contents/Home/jre/lib/libdt_socket.dylib

VM Arguments:
jvm_args: -agentlib:jdwp=transport=dt_socket,address=127.0.0.1:60924,suspend=y,server=n -Dfile.encoding=UTF-8 
java_command: it.miketech.FileUtil
Launcher Type: SUN_STANDARD

Environment Variables:
PATH=/Library/Frameworks/Python.framework/Versions/3.5/bin:/usr/local/bin:/usr/bin:/bin:/usr/sbin:/sbin:/usr/local/aria2/bin:/Users/apple/Library/Android/sdk/platform-tools:/Users/apple/Library/Android/sdk/tools
SHELL=/bin/bash

Signal Handlers:
SIGSEGV: [libjvm.dylib+0x52daf1], sa_mask[0]=0xfffefeff, sa_flags=0x00000043
SIGBUS: [libjvm.dylib+0x52daf1], sa_mask[0]=0xfffefeff, sa_flags=0x00000042
SIGFPE: [libjvm.dylib+0x41f34e], sa_mask[0]=0xfffefeff, sa_flags=0x00000042
SIGPIPE: [libjvm.dylib+0x41f34e], sa_mask[0]=0xfffefeff, sa_flags=0x00000042
SIGXFSZ: [libjvm.dylib+0x41f34e], sa_mask[0]=0xfffefeff, sa_flags=0x00000042
SIGILL: [libjvm.dylib+0x41f34e], sa_mask[0]=0xfffefeff, sa_flags=0x00000042
SIGUSR1: SIG_DFL, sa_mask[0]=0x00000000, sa_flags=0x00000000
SIGUSR2: [libjvm.dylib+0x41ee40], sa_mask[0]=0x00000004, sa_flags=0x00000042
SIGHUP: [libjvm.dylib+0x41d0d1], sa_mask[0]=0xfffefeff, sa_flags=0x00000042
SIGINT: [libjvm.dylib+0x41d0d1], sa_mask[0]=0xfffefeff, sa_flags=0x00000042
SIGTERM: [libjvm.dylib+0x41d0d1], sa_mask[0]=0xfffefeff, sa_flags=0x00000042
SIGQUIT: [libjvm.dylib+0x41d0d1], sa_mask[0]=0xfffefeff, sa_flags=0x00000042


---------------  S Y S T E M  ---------------

OS:Bsduname:Darwin 16.1.0 Darwin Kernel Version 16.1.0: Thu Oct 13 21:26:57 PDT 2016; root:xnu-3789.21.3~60/RELEASE_X86_64 x86_64
rlimit: STACK 8192k, CORE 0k, NPROC 709, NOFILE 10240, AS infinity
load average:3.43 3.37 2.97

CPU:total 8 (4 cores per cpu, 2 threads per core) family 6 model 70 stepping 1, cmov, cx8, fxsr, mmx, sse, sse2, sse3, ssse3, sse4.1, sse4.2, popcnt, avx, avx2, aes, erms, ht, tsc, tscinvbit

Memory: 4k page, physical 16777216k(4194304k free)

/proc/meminfo:


vm_info: Java HotSpot(TM) 64-Bit Server VM (24.79-b02) for bsd-amd64 JRE (1.7.0_79-b15), built on Apr 10 2015 11:35:04 by "java_re" with gcc 4.2.1 (Based on Apple Inc. build 5658) (LLVM build 2336.11.00)

time: Fri Dec  2 00:09:15 2016
elapsed time: 156 seconds

